mode: atomic
github.com/blacklotus88888/knowledge-service/internal/cache/cache.go:21.51,27.2 1 3
github.com/blacklotus88888/knowledge-service/internal/cache/cache.go:29.42,33.9 4 1605
github.com/blacklotus88888/knowledge-service/internal/cache/cache.go:33.9,36.3 2 68
github.com/blacklotus88888/knowledge-service/internal/cache/cache.go:37.2,38.42 2 1537
github.com/blacklotus88888/knowledge-service/internal/cache/cache.go:41.39,44.32 3 1607
github.com/blacklotus88888/knowledge-service/internal/cache/cache.go:44.32,48.3 3 99
github.com/blacklotus88888/knowledge-service/internal/cache/cache.go:49.2,49.25 1 1508
github.com/blacklotus88888/knowledge-service/internal/cache/cache.go:49.25,51.18 2 555
github.com/blacklotus88888/knowledge-service/internal/cache/cache.go:51.18,54.4 2 555
github.com/blacklotus88888/knowledge-service/internal/cache/cache.go:56.2,57.19 2 1508
github.com/blacklotus88888/knowledge-service/internal/cache/cache.go:60.29,65.2 4 33
github.com/blacklotus88888/knowledge-service/internal/chunker/chunker.go:29.37,37.18 6 0
github.com/blacklotus88888/knowledge-service/internal/chunker/chunker.go:37.18,40.25 3 0
github.com/blacklotus88888/knowledge-service/internal/chunker/chunker.go:40.25,42.4 1 0
github.com/blacklotus88888/knowledge-service/internal/chunker/chunker.go:43.3,44.18 2 0
github.com/blacklotus88888/knowledge-service/internal/chunker/chunker.go:47.2,48.21 2 0
github.com/blacklotus88888/knowledge-service/internal/chunker/chunker.go:48.21,50.10 2 0
github.com/blacklotus88888/knowledge-service/internal/chunker/chunker.go:51.40,54.22 3 0
github.com/blacklotus88888/knowledge-service/internal/chunker/chunker.go:54.22,56.5 1 0
github.com/blacklotus88888/knowledge-service/internal/chunker/chunker.go:56.10,58.5 1 0
github.com/blacklotus88888/knowledge-service/internal/chunker/chunker.go:59.39,63.26 4 0
github.com/blacklotus88888/knowledge-service/internal/chunker/chunker.go:64.38,67.55 3 0
github.com/blacklotus88888/knowledge-service/internal/chunker/chunker.go:68.11,70.27 2 0
github.com/blacklotus88888/knowledge-service/internal/chunker/chunker.go:73.2,76.24 3 0
github.com/blacklotus88888/knowledge-service/internal/chunker/chunker.go:76.24,78.3 1 0
github.com/blacklotus88888/knowledge-service/internal/chunker/chunker.go:79.2,79.15 1 0
github.com/blacklotus88888/knowledge-service/internal/chunker/chunker.go:83.40,85.34 2 0
github.com/blacklotus88888/knowledge-service/internal/chunker/chunker.go:85.34,87.3 1 0
github.com/blacklotus88888/knowledge-service/internal/chunker/chunker.go:88.2,90.60 2 0
github.com/blacklotus88888/knowledge-service/internal/chunker/chunker.go:90.60,92.3 1 0
github.com/blacklotus88888/knowledge-service/internal/chunker/chunker.go:93.2,94.13 2 0
github.com/blacklotus88888/knowledge-service/internal/chunker/chunker.go:94.13,96.3 1 0
github.com/blacklotus88888/knowledge-service/internal/chunker/chunker.go:97.2,100.14 3 0
github.com/blacklotus88888/knowledge-service/internal/chunker/chunker.go:105.34,106.37 1 0
github.com/blacklotus88888/knowledge-service/internal/chunker/chunker.go:106.37,108.3 1 0
github.com/blacklotus88888/knowledge-service/internal/chunker/chunker.go:109.2,114.31 5 0
github.com/blacklotus88888/knowledge-service/internal/chunker/chunker.go:114.31,115.56 1 0
github.com/blacklotus88888/knowledge-service/internal/chunker/chunker.go:115.56,122.4 3 0
github.com/blacklotus88888/knowledge-service/internal/chunker/chunker.go:123.3,123.20 1 0
github.com/blacklotus88888/knowledge-service/internal/chunker/chunker.go:123.20,125.4 1 0
github.com/blacklotus88888/knowledge-service/internal/chunker/chunker.go:126.3,126.21 1 0
github.com/blacklotus88888/knowledge-service/internal/chunker/chunker.go:128.2,128.19 1 0
github.com/blacklotus88888/knowledge-service/internal/chunker/chunker.go:128.19,133.3 1 0
github.com/blacklotus88888/knowledge-service/internal/chunker/chunker.go:134.2,134.15 1 0
github.com/blacklotus88888/knowledge-service/internal/chunker/chunker.go:137.48,138.29 1 0
github.com/blacklotus88888/knowledge-service/internal/chunker/chunker.go:138.29,140.3 1 0
github.com/blacklotus88888/knowledge-service/internal/chunker/chunker.go:141.2,141.43 1 0
github.com/blacklotus88888/knowledge-service/internal/embed/embed.go:38.34,47.26 3 0
github.com/blacklotus88888/knowledge-service/internal/embed/embed.go:47.26,49.3 1 0
github.com/blacklotus88888/knowledge-service/internal/embed/embed.go:50.2,50.10 1 0
github.com/blacklotus88888/knowledge-service/internal/embed/embed.go:56.40,61.26 5 0
github.com/blacklotus88888/knowledge-service/internal/embed/embed.go:61.26,62.30 1 0
github.com/blacklotus88888/knowledge-service/internal/embed/embed.go:62.30,63.12 1 0
github.com/blacklotus88888/knowledge-service/internal/embed/embed.go:65.3,65.23 1 0
github.com/blacklotus88888/knowledge-service/internal/embed/embed.go:67.2,67.12 1 0
github.com/blacklotus88888/knowledge-service/internal/embed/embed.go:72.37,78.26 6 0
github.com/blacklotus88888/knowledge-service/internal/embed/embed.go:78.26,79.30 1 0
github.com/blacklotus88888/knowledge-service/internal/embed/embed.go:79.30,80.12 1 0
github.com/blacklotus88888/knowledge-service/internal/embed/embed.go:82.3,83.55 2 0
github.com/blacklotus88888/knowledge-service/internal/embed/embed.go:83.55,86.4 2 0
github.com/blacklotus88888/knowledge-service/internal/embed/embed.go:88.2,88.12 1 0
github.com/blacklotus88888/knowledge-service/internal/embed/embed.go:92.51,93.22 1 0
github.com/blacklotus88888/knowledge-service/internal/embed/embed.go:93.22,95.3 1 0
github.com/blacklotus88888/knowledge-service/internal/embed/embed.go:96.2,97.27 2 0
github.com/blacklotus88888/knowledge-service/internal/embed/embed.go:97.27,99.3 1 0
github.com/blacklotus88888/knowledge-service/internal/embed/embed.go:100.2,102.27 3 0
github.com/blacklotus88888/knowledge-service/internal/embed/embed.go:102.27,104.3 1 0
github.com/blacklotus88888/knowledge-service/internal/embed/embed.go:105.2,105.11 1 0
github.com/blacklotus88888/knowledge-service/internal/embed/embed.go:109.37,111.2 1 0
github.com/blacklotus88888/knowledge-service/internal/embed/embed.go:115.103,116.15 1 0
github.com/blacklotus88888/knowledge-service/internal/embed/embed.go:116.15,118.3 1 0
github.com/blacklotus88888/knowledge-service/internal/embed/embed.go:119.2,120.30 2 0
github.com/blacklotus88888/knowledge-service/internal/embed/embed.go:120.30,122.10 2 0
github.com/blacklotus88888/knowledge-service/internal/embed/embed.go:122.10,124.4 1 0
github.com/blacklotus88888/knowledge-service/internal/embed/embed.go:125.3,128.15 4 0
github.com/blacklotus88888/knowledge-service/internal/embed/embed.go:128.15,130.4 1 0
github.com/blacklotus88888/knowledge-service/internal/embed/embed.go:130.9,132.4 1 0
github.com/blacklotus88888/knowledge-service/internal/embed/embed.go:134.2,134.23 1 0
github.com/blacklotus88888/knowledge-service/internal/embed/embed.go:139.40,140.22 1 0
github.com/blacklotus88888/knowledge-service/internal/embed/embed.go:140.22,142.3 1 0
github.com/blacklotus88888/knowledge-service/internal/embed/embed.go:143.2,144.19 2 0
github.com/blacklotus88888/knowledge-service/internal/embed/embed.go:144.19,146.3 1 0
github.com/blacklotus88888/knowledge-service/internal/embed/embed.go:147.2,147.12 1 0
github.com/blacklotus88888/knowledge-service/internal/embed/embed.go:151.41,153.24 2 0
github.com/blacklotus88888/knowledge-service/internal/embed/embed.go:153.24,155.3 1 0
github.com/blacklotus88888/knowledge-service/internal/embed/embed.go:156.2,156.14 1 0
github.com/blacklotus88888/knowledge-service/internal/embed/embed.go:156.14,158.3 1 0
github.com/blacklotus88888/knowledge-service/internal/embed/embed.go:159.2,160.21 2 0
github.com/blacklotus88888/knowledge-service/internal/embed/embed.go:160.21,162.3 1 0
github.com/blacklotus88888/knowledge-service/internal/embed/embed.go:163.2,163.12 1 0
github.com/blacklotus88888/knowledge-service/internal/embed/embed.go:167.34,169.22 2 0
github.com/blacklotus88888/knowledge-service/internal/embed/embed.go:169.22,175.3 5 0
github.com/blacklotus88888/knowledge-service/internal/embed/embed.go:176.2,176.10 1 0
github.com/blacklotus88888/knowledge-service/internal/embed/embed.go:181.36,182.34 1 0
github.com/blacklotus88888/knowledge-service/internal/embed/embed.go:182.34,184.3 1 0
github.com/blacklotus88888/knowledge-service/internal/embed/embed.go:185.2,186.19 2 0
github.com/blacklotus88888/knowledge-service/internal/embed/embed.go:186.19,189.3 2 0
github.com/blacklotus88888/knowledge-service/internal/embed/embed.go:190.2,190.10 1 0
github.com/blacklotus88888/knowledge-service/internal/embed/embed.go:193.32,197.2 3 0
github.com/blacklotus88888/knowledge-service/internal/embed/ollama.go:28.68,37.16 4 0
github.com/blacklotus88888/knowledge-service/internal/embed/ollama.go:37.16,39.3 1 0
github.com/blacklotus88888/knowledge-service/internal/embed/ollama.go:40.2,41.15 2 0
github.com/blacklotus88888/knowledge-service/internal/embed/ollama.go:44.37,44.54 1 0
github.com/blacklotus88888/knowledge-service/internal/embed/ollama.go:47.64,49.2 1 0
github.com/blacklotus88888/knowledge-service/internal/embed/ollama.go:51.89,53.16 2 0
github.com/blacklotus88888/knowledge-service/internal/embed/ollama.go:53.16,55.3 1 0
github.com/blacklotus88888/knowledge-service/internal/embed/ollama.go:56.2,57.16 2 0
github.com/blacklotus88888/knowledge-service/internal/embed/ollama.go:57.16,59.3 1 0
github.com/blacklotus88888/knowledge-service/internal/embed/ollama.go:60.2,62.16 3 0
github.com/blacklotus88888/knowledge-service/internal/embed/ollama.go:62.16,64.3 1 0
github.com/blacklotus88888/knowledge-service/internal/embed/ollama.go:65.2,66.38 2 0
github.com/blacklotus88888/knowledge-service/internal/embed/ollama.go:66.38,69.3 2 0
github.com/blacklotus88888/knowledge-service/internal/embed/ollama.go:70.2,73.67 2 0
github.com/blacklotus88888/knowledge-service/internal/embed/ollama.go:73.67,75.3 1 0
github.com/blacklotus88888/knowledge-service/internal/embed/ollama.go:76.2,76.32 1 0
github.com/blacklotus88888/knowledge-service/internal/embed/ollama.go:76.32,78.3 1 0
github.com/blacklotus88888/knowledge-service/internal/embed/ollama.go:79.2,80.37 2 0
github.com/blacklotus88888/knowledge-service/internal/embed/ollama.go:80.37,82.3 1 0
github.com/blacklotus88888/knowledge-service/internal/embed/ollama.go:83.2,83.26 1 0
github.com/blacklotus88888/knowledge-service/internal/store/ingest.go:23.46,25.16 2 0
github.com/blacklotus88888/knowledge-service/internal/store/ingest.go:25.16,27.3 1 0
github.com/blacklotus88888/knowledge-service/internal/store/ingest.go:28.2,28.20 1 0
github.com/blacklotus88888/knowledge-service/internal/store/ingest.go:28.20,30.3 1 0
github.com/blacklotus88888/knowledge-service/internal/store/ingest.go:33.2,39.16 6 0
github.com/blacklotus88888/knowledge-service/internal/store/ingest.go:39.16,41.3 1 0
github.com/blacklotus88888/knowledge-service/internal/store/ingest.go:42.2,48.16 3 0
github.com/blacklotus88888/knowledge-service/internal/store/ingest.go:48.16,50.3 1 0
github.com/blacklotus88888/knowledge-service/internal/store/ingest.go:51.2,58.16 3 0
github.com/blacklotus88888/knowledge-service/internal/store/ingest.go:58.16,60.3 1 0
github.com/blacklotus88888/knowledge-service/internal/store/ingest.go:61.2,63.27 2 0
github.com/blacklotus88888/knowledge-service/internal/store/ingest.go:63.27,64.65 1 0
github.com/blacklotus88888/knowledge-service/internal/store/ingest.go:64.65,66.4 1 0
github.com/blacklotus88888/knowledge-service/internal/store/ingest.go:68.3,69.104 2 0
github.com/blacklotus88888/knowledge-service/internal/store/ingest.go:69.104,71.4 1 0
github.com/blacklotus88888/knowledge-service/internal/store/ingest.go:74.3,75.17 2 0
github.com/blacklotus88888/knowledge-service/internal/store/ingest.go:75.17,77.4 1 0
github.com/blacklotus88888/knowledge-service/internal/store/ingest.go:78.3,79.21 2 0
github.com/blacklotus88888/knowledge-service/internal/store/ingest.go:79.21,81.43 2 0
github.com/blacklotus88888/knowledge-service/internal/store/ingest.go:81.43,83.5 1 0
github.com/blacklotus88888/knowledge-service/internal/store/ingest.go:85.3,86.34 2 0
github.com/blacklotus88888/knowledge-service/internal/store/ingest.go:86.34,87.81 1 0
github.com/blacklotus88888/knowledge-service/internal/store/ingest.go:87.81,89.5 1 0
github.com/blacklotus88888/knowledge-service/internal/store/ingest.go:93.3,93.114 1 0
github.com/blacklotus88888/knowledge-service/internal/store/ingest.go:93.114,95.4 1 0
github.com/blacklotus88888/knowledge-service/internal/store/ingest.go:97.3,97.33 1 0
github.com/blacklotus88888/knowledge-service/internal/store/ingest.go:97.33,100.84 3 0
github.com/blacklotus88888/knowledge-service/internal/store/ingest.go:100.84,102.5 1 0
github.com/blacklotus88888/knowledge-service/internal/store/ingest.go:106.3,109.17 1 0
github.com/blacklotus88888/knowledge-service/internal/store/ingest.go:109.17,111.4 1 0
github.com/blacklotus88888/knowledge-service/internal/store/ingest.go:114.2,114.36 1 0
github.com/blacklotus88888/knowledge-service/internal/store/ingest.go:114.36,116.3 1 0
github.com/blacklotus88888/knowledge-service/internal/store/ingest.go:120.2,121.12 2 0
github.com/blacklotus88888/knowledge-service/internal/store/ingest.go:124.50,126.79 2 0
github.com/blacklotus88888/knowledge-service/internal/store/ingest.go:126.79,127.62 1 0
github.com/blacklotus88888/knowledge-service/internal/store/ingest.go:127.62,129.4 1 0
github.com/blacklotus88888/knowledge-service/internal/store/ingest.go:130.3,131.17 2 0
github.com/blacklotus88888/knowledge-service/internal/store/ingest.go:131.17,133.4 1 0
github.com/blacklotus88888/knowledge-service/internal/store/ingest.go:134.3,135.23 2 0
github.com/blacklotus88888/knowledge-service/internal/store/ingest.go:135.23,137.4 1 0
github.com/blacklotus88888/knowledge-service/internal/store/ingest.go:138.3,139.18 2 0
github.com/blacklotus88888/knowledge-service/internal/store/ingest.go:139.18,141.4 1 0
github.com/blacklotus88888/knowledge-service/internal/store/ingest.go:142.3,144.13 3 0
github.com/blacklotus88888/knowledge-service/internal/store/ingest.go:146.2,146.18 1 0
github.com/blacklotus88888/knowledge-service/internal/store/search.go:20.83,21.16 1 0
github.com/blacklotus88888/knowledge-service/internal/store/search.go:21.16,23.3 1 0
github.com/blacklotus88888/knowledge-service/internal/store/search.go:24.2,25.38 2 0
github.com/blacklotus88888/knowledge-service/internal/store/search.go:25.38,27.3 1 0
github.com/blacklotus88888/knowledge-service/internal/store/search.go:29.2,30.16 2 0
github.com/blacklotus88888/knowledge-service/internal/store/search.go:30.16,32.3 1 0
github.com/blacklotus88888/knowledge-service/internal/store/search.go:33.2,34.16 2 0
github.com/blacklotus88888/knowledge-service/internal/store/search.go:34.16,36.3 1 0
github.com/blacklotus88888/knowledge-service/internal/store/search.go:38.2,40.17 3 0
github.com/blacklotus88888/knowledge-service/internal/store/search.go:44.32,44.49 1 0
github.com/blacklotus88888/knowledge-service/internal/store/search.go:47.69,49.16 2 0
github.com/blacklotus88888/knowledge-service/internal/store/search.go:49.16,51.3 1 0
github.com/blacklotus88888/knowledge-service/internal/store/search.go:53.2,53.65 1 0
github.com/blacklotus88888/knowledge-service/internal/store/search.go:53.65,55.3 1 0
github.com/blacklotus88888/knowledge-service/internal/store/search.go:57.2,57.17 1 0
github.com/blacklotus88888/knowledge-service/internal/store/search.go:57.17,58.65 1 0
github.com/blacklotus88888/knowledge-service/internal/store/search.go:58.65,60.4 1 0
github.com/blacklotus88888/knowledge-service/internal/store/search.go:62.2,62.17 1 0
github.com/blacklotus88888/knowledge-service/internal/store/search.go:65.74,75.16 2 0
github.com/blacklotus88888/knowledge-service/internal/store/search.go:75.16,77.3 1 0
github.com/blacklotus88888/knowledge-service/internal/store/search.go:78.2,80.18 3 0
github.com/blacklotus88888/knowledge-service/internal/store/search.go:80.18,82.85 2 0
github.com/blacklotus88888/knowledge-service/internal/store/search.go:82.85,83.12 1 0
github.com/blacklotus88888/knowledge-service/internal/store/search.go:85.3,85.23 1 0
github.com/blacklotus88888/knowledge-service/internal/store/search.go:87.2,87.24 1 0
github.com/blacklotus88888/knowledge-service/internal/store/search.go:90.72,91.37 1 0
github.com/blacklotus88888/knowledge-service/internal/store/search.go:91.37,93.3 1 0
github.com/blacklotus88888/knowledge-service/internal/store/search.go:95.2,100.20 5 0
github.com/blacklotus88888/knowledge-service/internal/store/search.go:100.20,102.3 1 0
github.com/blacklotus88888/knowledge-service/internal/store/search.go:105.2,106.23 2 0
github.com/blacklotus88888/knowledge-service/internal/store/search.go:106.23,108.17 2 0
github.com/blacklotus88888/knowledge-service/internal/store/search.go:108.17,110.4 1 0
github.com/blacklotus88888/knowledge-service/internal/store/search.go:111.3,111.11 1 0
github.com/blacklotus88888/knowledge-service/internal/store/search.go:112.8,116.16 4 0
github.com/blacklotus88888/knowledge-service/internal/store/search.go:116.16,118.4 1 0
github.com/blacklotus88888/knowledge-service/internal/store/search.go:119.3,119.59 1 0
github.com/blacklotus88888/knowledge-service/internal/store/search.go:122.2,127.26 3 0
github.com/blacklotus88888/knowledge-service/internal/store/search.go:127.26,129.3 1 0
github.com/blacklotus88888/knowledge-service/internal/store/search.go:130.2,130.41 1 0
github.com/blacklotus88888/knowledge-service/internal/store/search.go:130.41,130.81 1 0
github.com/blacklotus88888/knowledge-service/internal/store/search.go:132.2,133.28 2 0
github.com/blacklotus88888/knowledge-service/internal/store/search.go:133.28,134.49 1 0
github.com/blacklotus88888/knowledge-service/internal/store/search.go:134.49,135.9 1 0
github.com/blacklotus88888/knowledge-service/internal/store/search.go:137.3,143.5 1 0
github.com/blacklotus88888/knowledge-service/internal/store/search.go:145.2,145.17 1 0
github.com/blacklotus88888/knowledge-service/internal/store/search.go:148.54,152.24 3 0
github.com/blacklotus88888/knowledge-service/internal/store/search.go:152.24,155.3 2 0
github.com/blacklotus88888/knowledge-service/internal/store/search.go:156.2,156.24 1 0
github.com/blacklotus88888/knowledge-service/internal/store/search.go:156.24,158.31 2 0
github.com/blacklotus88888/knowledge-service/internal/store/search.go:158.31,160.4 1 0
github.com/blacklotus88888/knowledge-service/internal/store/search.go:163.2,168.29 3 0
github.com/blacklotus88888/knowledge-service/internal/store/search.go:168.29,170.3 1 0
github.com/blacklotus88888/knowledge-service/internal/store/search.go:171.2,171.40 1 0
github.com/blacklotus88888/knowledge-service/internal/store/search.go:171.40,171.82 1 0
github.com/blacklotus88888/knowledge-service/internal/store/search.go:173.2,174.27 2 0
github.com/blacklotus88888/knowledge-service/internal/store/search.go:174.27,175.24 1 0
github.com/blacklotus88888/knowledge-service/internal/store/search.go:175.24,176.9 1 0
github.com/blacklotus88888/knowledge-service/internal/store/search.go:178.3,180.23 3 0
github.com/blacklotus88888/knowledge-service/internal/store/search.go:182.2,182.12 1 0
github.com/blacklotus88888/knowledge-service/internal/store/search.go:190.61,192.25 2 0
github.com/blacklotus88888/knowledge-service/internal/store/search.go:192.25,194.3 1 0
github.com/blacklotus88888/knowledge-service/internal/store/search.go:195.2,196.30 2 0
github.com/blacklotus88888/knowledge-service/internal/store/search.go:196.30,198.3 1 0
github.com/blacklotus88888/knowledge-service/internal/store/search.go:200.2,202.30 3 0
github.com/blacklotus88888/knowledge-service/internal/store/search.go:202.30,204.3 1 0
github.com/blacklotus88888/knowledge-service/internal/store/search.go:206.2,206.45 1 0
github.com/blacklotus88888/knowledge-service/internal/store/search.go:206.45,208.3 1 0
github.com/blacklotus88888/knowledge-service/internal/store/search.go:209.2,209.71 1 0
github.com/blacklotus88888/knowledge-service/internal/store/store.go:91.40,93.16 2 0
github.com/blacklotus88888/knowledge-service/internal/store/store.go:93.16,95.3 1 0
github.com/blacklotus88888/knowledge-service/internal/store/store.go:96.2,98.43 2 0
github.com/blacklotus88888/knowledge-service/internal/store/store.go:98.43,101.3 2 0
github.com/blacklotus88888/knowledge-service/internal/store/store.go:104.2,106.9 3 0
github.com/blacklotus88888/knowledge-service/internal/store/store.go:107.16,108.99 1 0
github.com/blacklotus88888/knowledge-service/internal/store/store.go:108.99,111.4 2 0
github.com/blacklotus88888/knowledge-service/internal/store/store.go:112.34,114.152 2 0
github.com/blacklotus88888/knowledge-service/internal/store/store.go:118.2,124.15 3 0
github.com/blacklotus88888/knowledge-service/internal/store/store.go:128.31,128.54 1 0
github.com/blacklotus88888/knowledge-service/internal/store/store.go:134.47,135.33 1 0
github.com/blacklotus88888/knowledge-service/internal/store/store.go:135.33,138.56 1 0
github.com/blacklotus88888/knowledge-service/internal/store/store.go:138.56,142.4 1 0
github.com/blacklotus88888/knowledge-service/internal/store/store.go:144.2,144.16 1 0
github.com/blacklotus88888/knowledge-service/internal/store/store.go:149.37,150.11 1 0
github.com/blacklotus88888/knowledge-service/internal/store/store.go:150.11,152.3 1 0
github.com/blacklotus88888/knowledge-service/internal/store/store.go:156.36,156.63 1 0
github.com/blacklotus88888/knowledge-service/internal/store/store.go:161.111,162.23 1 0
github.com/blacklotus88888/knowledge-service/internal/store/store.go:162.23,164.20 2 0
github.com/blacklotus88888/knowledge-service/internal/store/store.go:164.20,166.4 1 0
github.com/blacklotus88888/knowledge-service/internal/store/store.go:167.3,168.17 2 0
github.com/blacklotus88888/knowledge-service/internal/store/store.go:168.17,170.4 1 0
github.com/blacklotus88888/knowledge-service/internal/store/store.go:171.3,171.11 1 0
github.com/blacklotus88888/knowledge-service/internal/store/store.go:174.2,182.15 9 0
github.com/blacklotus88888/knowledge-service/internal/store/store.go:182.15,184.3 1 0
github.com/blacklotus88888/knowledge-service/internal/store/store.go:185.2,185.58 1 0
github.com/blacklotus88888/knowledge-service/internal/store/store.go:189.29,191.16 2 0
github.com/blacklotus88888/knowledge-service/internal/store/store.go:191.16,193.3 1 0
github.com/blacklotus88888/knowledge-service/internal/store/store.go:194.2,196.18 3 0
github.com/blacklotus88888/knowledge-service/internal/store/store.go:196.18,199.48 3 0
github.com/blacklotus88888/knowledge-service/internal/store/store.go:199.48,201.4 1 0
github.com/blacklotus88888/knowledge-service/internal/store/store.go:203.2,206.15 4 0
github.com/blacklotus88888/knowledge-service/internal/store/store.go:215.42,224.16 3 0
github.com/blacklotus88888/knowledge-service/internal/store/store.go:224.16,226.3 1 0
github.com/blacklotus88888/knowledge-service/internal/store/store.go:227.2,228.18 2 0
github.com/blacklotus88888/knowledge-service/internal/store/store.go:228.18,230.80 2 0
github.com/blacklotus88888/knowledge-service/internal/store/store.go:230.80,232.4 1 0
github.com/blacklotus88888/knowledge-service/internal/store/store.go:234.2,237.12 3 0
github.com/blacklotus88888/knowledge-service/internal/store/store.go:237.12,239.3 1 0
github.com/blacklotus88888/knowledge-service/internal/store/store.go:241.2,244.23 3 0
github.com/blacklotus88888/knowledge-service/internal/store/store.go:244.23,247.25 2 0
github.com/blacklotus88888/knowledge-service/internal/store/store.go:247.25,249.66 2 0
github.com/blacklotus88888/knowledge-service/internal/store/store.go:249.66,250.17 1 0
github.com/blacklotus88888/knowledge-service/internal/store/store.go:250.17,253.6 2 0
github.com/blacklotus88888/knowledge-service/internal/store/store.go:256.3,257.27 2 0
github.com/blacklotus88888/knowledge-service/internal/store/store.go:257.27,259.4 1 0
github.com/blacklotus88888/knowledge-service/internal/store/store.go:262.3,263.17 2 0
github.com/blacklotus88888/knowledge-service/internal/store/store.go:263.17,265.4 1 0
github.com/blacklotus88888/knowledge-service/internal/store/store.go:266.3,266.57 1 0
github.com/blacklotus88888/knowledge-service/internal/store/store.go:266.57,269.4 2 0
github.com/blacklotus88888/knowledge-service/internal/store/store.go:270.3,271.17 2 0
github.com/blacklotus88888/knowledge-service/internal/store/store.go:271.17,274.4 2 0
github.com/blacklotus88888/knowledge-service/internal/store/store.go:275.3,276.27 2 0
github.com/blacklotus88888/knowledge-service/internal/store/store.go:276.27,277.59 1 0
github.com/blacklotus88888/knowledge-service/internal/store/store.go:277.59,279.10 2 0
github.com/blacklotus88888/knowledge-service/internal/store/store.go:282.3,283.21 2 0
github.com/blacklotus88888/knowledge-service/internal/store/store.go:283.21,286.4 2 0
github.com/blacklotus88888/knowledge-service/internal/store/store.go:287.3,287.37 1 0
github.com/blacklotus88888/knowledge-service/internal/store/store.go:287.37,289.4 1 0
github.com/blacklotus88888/knowledge-service/internal/store/store.go:295.2,296.16 2 0
github.com/blacklotus88888/knowledge-service/internal/store/store.go:296.16,298.3 1 0
github.com/blacklotus88888/knowledge-service/internal/store/store.go:299.2,300.24 2 0
github.com/blacklotus88888/knowledge-service/internal/store/store.go:300.24,301.39 1 0
github.com/blacklotus88888/knowledge-service/internal/store/store.go:301.39,302.12 1 0
github.com/blacklotus88888/knowledge-service/internal/store/store.go:304.3,305.15 2 0
github.com/blacklotus88888/knowledge-service/internal/store/store.go:305.15,306.12 1 0
github.com/blacklotus88888/knowledge-service/internal/store/store.go:308.3,308.37 1 0
github.com/blacklotus88888/knowledge-service/internal/store/store.go:311.2,314.15 4 0
github.com/blacklotus88888/knowledge-service/internal/store/store.go:319.34,322.19 3 0
github.com/blacklotus88888/knowledge-service/internal/store/store.go:322.19,324.3 1 0
github.com/blacklotus88888/knowledge-service/internal/store/store.go:326.2,332.16 2 0
github.com/blacklotus88888/knowledge-service/internal/store/store.go:332.16,334.3 1 0
github.com/blacklotus88888/knowledge-service/internal/store/store.go:335.2,338.18 3 0
github.com/blacklotus88888/knowledge-service/internal/store/store.go:338.18,341.89 3 0
github.com/blacklotus88888/knowledge-service/internal/store/store.go:341.89,342.12 1 0
github.com/blacklotus88888/knowledge-service/internal/store/store.go:344.3,345.15 2 0
github.com/blacklotus88888/knowledge-service/internal/store/store.go:345.15,346.12 1 0
github.com/blacklotus88888/knowledge-service/internal/store/store.go:348.3,349.26 2 0
github.com/blacklotus88888/knowledge-service/internal/store/store.go:351.2,351.35 1 0
github.com/blacklotus88888/knowledge-service/internal/store/store.go:351.35,353.3 1 0
github.com/blacklotus88888/knowledge-service/internal/store/store.go:355.2,356.12 2 0
github.com/blacklotus88888/knowledge-service/internal/store/store.go:359.34,363.2 3 0
github.com/blacklotus88888/knowledge-service/internal/store/store.go:366.68,374.16 2 0
github.com/blacklotus88888/knowledge-service/internal/store/store.go:374.16,376.3 1 0
github.com/blacklotus88888/knowledge-service/internal/store/store.go:377.2,381.18 4 0
github.com/blacklotus88888/knowledge-service/internal/store/store.go:381.18,383.60 2 0
github.com/blacklotus88888/knowledge-service/internal/store/store.go:383.60,384.12 1 0
github.com/blacklotus88888/knowledge-service/internal/store/store.go:386.3,386.29 1 0
github.com/blacklotus88888/knowledge-service/internal/store/store.go:386.29,388.4 1 0
github.com/blacklotus88888/knowledge-service/internal/store/store.go:388.9,391.4 2 0
github.com/blacklotus88888/knowledge-service/internal/store/store.go:393.2,393.25 1 0
github.com/blacklotus88888/knowledge-service/internal/store/store.go:397.58,399.16 2 0
github.com/blacklotus88888/knowledge-service/internal/store/store.go:399.16,401.3 1 0
github.com/blacklotus88888/knowledge-service/internal/store/store.go:402.2,405.96 3 0
github.com/blacklotus88888/knowledge-service/internal/store/store.go:405.96,407.3 1 0
github.com/blacklotus88888/knowledge-service/internal/store/store.go:409.2,410.16 2 0
github.com/blacklotus88888/knowledge-service/internal/store/store.go:410.16,412.3 1 0
github.com/blacklotus88888/knowledge-service/internal/store/store.go:413.2,414.18 2 0
github.com/blacklotus88888/knowledge-service/internal/store/store.go:414.18,416.40 2 0
github.com/blacklotus88888/knowledge-service/internal/store/store.go:416.40,418.4 1 0
github.com/blacklotus88888/knowledge-service/internal/store/store.go:420.2,422.31 2 0
github.com/blacklotus88888/knowledge-service/internal/store/store.go:422.31,423.81 1 0
github.com/blacklotus88888/knowledge-service/internal/store/store.go:423.81,425.4 1 0
github.com/blacklotus88888/knowledge-service/internal/store/store.go:428.2,429.16 2 0
github.com/blacklotus88888/knowledge-service/internal/store/store.go:429.16,431.3 1 0
github.com/blacklotus88888/knowledge-service/internal/store/store.go:432.2,434.36 2 0
github.com/blacklotus88888/knowledge-service/internal/store/store.go:434.36,436.3 1 0
github.com/blacklotus88888/knowledge-service/internal/store/store.go:437.2,439.36 3 0
github.com/blacklotus88888/knowledge-service/internal/store/store.go:446.65,448.16 2 0
github.com/blacklotus88888/knowledge-service/internal/store/store.go:448.16,450.3 1 0
github.com/blacklotus88888/knowledge-service/internal/store/store.go:451.2,456.16 2 0
github.com/blacklotus88888/knowledge-service/internal/store/store.go:456.16,458.3 1 0
github.com/blacklotus88888/knowledge-service/internal/store/store.go:460.2,461.96 2 0
github.com/blacklotus88888/knowledge-service/internal/store/store.go:461.96,463.3 1 0
github.com/blacklotus88888/knowledge-service/internal/store/store.go:465.2,468.19 2 0
github.com/blacklotus88888/knowledge-service/internal/store/store.go:468.19,471.17 3 0
github.com/blacklotus88888/knowledge-service/internal/store/store.go:471.17,473.113 1 0
github.com/blacklotus88888/knowledge-service/internal/store/store.go:473.113,475.5 1 0
github.com/blacklotus88888/knowledge-service/internal/store/store.go:476.4,476.89 1 0
github.com/blacklotus88888/knowledge-service/internal/store/store.go:476.89,478.5 1 0
github.com/blacklotus88888/knowledge-service/internal/store/store.go:479.4,479.132 1 0
github.com/blacklotus88888/knowledge-service/internal/store/store.go:479.132,481.5 1 0
github.com/blacklotus88888/knowledge-service/internal/store/store.go:482.4,482.38 1 0
github.com/blacklotus88888/knowledge-service/internal/store/store.go:482.38,484.5 1 0
github.com/blacklotus88888/knowledge-service/internal/store/store.go:485.4,485.20 1 0
github.com/blacklotus88888/knowledge-service/internal/store/store.go:489.2,489.16 1 0
github.com/blacklotus88888/knowledge-service/internal/store/store.go:489.16,493.19 4 0
github.com/blacklotus88888/knowledge-service/internal/store/store.go:493.19,495.4 1 0
github.com/blacklotus88888/knowledge-service/internal/store/store.go:496.3,500.17 2 0
github.com/blacklotus88888/knowledge-service/internal/store/store.go:500.17,502.4 1 0
github.com/blacklotus88888/knowledge-service/internal/store/store.go:503.3,504.128 2 0
github.com/blacklotus88888/knowledge-service/internal/store/store.go:504.128,506.4 1 0
github.com/blacklotus88888/knowledge-service/internal/store/store.go:507.3,507.37 1 0
github.com/blacklotus88888/knowledge-service/internal/store/store.go:507.37,509.4 1 0
github.com/blacklotus88888/knowledge-service/internal/store/store.go:514.2,516.12 3 0
github.com/blacklotus88888/knowledge-service/internal/store/store.go:519.39,520.14 1 0
github.com/blacklotus88888/knowledge-service/internal/store/store.go:520.14,522.3 1 0
github.com/blacklotus88888/knowledge-service/internal/store/store.go:523.2,523.15 1 0
github.com/blacklotus88888/knowledge-service/mcp/server.go:28.78,30.2 1 0
github.com/blacklotus88888/knowledge-service/mcp/server.go:34.56,39.21 4 0
github.com/blacklotus88888/knowledge-service/mcp/server.go:39.21,41.21 2 0
github.com/blacklotus88888/knowledge-service/mcp/server.go:41.21,42.12 1 0
github.com/blacklotus88888/knowledge-service/mcp/server.go:44.3,45.52 2 0
github.com/blacklotus88888/knowledge-service/mcp/server.go:45.52,47.12 2 0
github.com/blacklotus88888/knowledge-service/mcp/server.go:49.3,49.24 1 0
github.com/blacklotus88888/knowledge-service/mcp/server.go:51.2,51.22 1 0
github.com/blacklotus88888/knowledge-service/mcp/server.go:56.60,59.51 3 0
github.com/blacklotus88888/knowledge-service/mcp/server.go:59.51,62.3 2 0
github.com/blacklotus88888/knowledge-service/mcp/server.go:63.2,63.23 1 0
github.com/blacklotus88888/knowledge-service/mcp/server.go:69.37,71.32 2 0
github.com/blacklotus88888/knowledge-service/mcp/server.go:71.32,80.3 1 0
github.com/blacklotus88888/knowledge-service/mcp/server.go:81.2,81.12 1 0
github.com/blacklotus88888/knowledge-service/mcp/server.go:105.77,107.2 1 0
github.com/blacklotus88888/knowledge-service/mcp/server.go:109.90,111.2 1 0
github.com/blacklotus88888/knowledge-service/mcp/server.go:115.63,118.20 2 0
github.com/blacklotus88888/knowledge-service/mcp/server.go:119.20,129.5 4 0
github.com/blacklotus88888/knowledge-service/mcp/server.go:131.50,131.50 0 0
github.com/blacklotus88888/knowledge-service/mcp/server.go:134.20,135.63 1 0
github.com/blacklotus88888/knowledge-service/mcp/server.go:137.20,138.31 1 0
github.com/blacklotus88888/knowledge-service/mcp/server.go:140.24,141.63 1 0
github.com/blacklotus88888/knowledge-service/mcp/server.go:143.22,144.61 1 0
github.com/blacklotus88888/knowledge-service/mcp/server.go:146.14,147.43 1 0
github.com/blacklotus88888/knowledge-service/mcp/server.go:149.10,150.20 1 0
github.com/blacklotus88888/knowledge-service/mcp/server.go:150.20,152.4 1 0
github.com/blacklotus88888/knowledge-service/mcp/server.go:158.35,248.2 1 0
github.com/blacklotus88888/knowledge-service/mcp/server.go:255.71,257.55 2 0
github.com/blacklotus88888/knowledge-service/mcp/server.go:257.55,260.3 2 0
github.com/blacklotus88888/knowledge-service/mcp/server.go:262.2,262.16 1 0
github.com/blacklotus88888/knowledge-service/mcp/server.go:263.26,264.43 1 0
github.com/blacklotus88888/knowledge-service/mcp/server.go:265.24,266.41 1 0
github.com/blacklotus88888/knowledge-service/mcp/server.go:267.25,268.42 1 0
github.com/blacklotus88888/knowledge-service/mcp/server.go:269.26,270.43 1 0
github.com/blacklotus88888/knowledge-service/mcp/server.go:271.18,272.44 1 0
github.com/blacklotus88888/knowledge-service/mcp/server.go:273.10,274.77 1 0
github.com/blacklotus88888/knowledge-service/mcp/server.go:283.91,285.71 2 0
github.com/blacklotus88888/knowledge-service/mcp/server.go:285.71,288.3 2 0
github.com/blacklotus88888/knowledge-service/mcp/server.go:289.2,289.21 1 0
github.com/blacklotus88888/knowledge-service/mcp/server.go:289.21,291.3 1 0
github.com/blacklotus88888/knowledge-service/mcp/server.go:292.2,292.21 1 0
github.com/blacklotus88888/knowledge-service/mcp/server.go:292.21,294.3 1 0
github.com/blacklotus88888/knowledge-service/mcp/server.go:296.2,297.16 2 0
github.com/blacklotus88888/knowledge-service/mcp/server.go:297.16,301.3 3 0
github.com/blacklotus88888/knowledge-service/mcp/server.go:303.2,306.4 2 0
github.com/blacklotus88888/knowledge-service/mcp/server.go:315.90,317.114 2 0
github.com/blacklotus88888/knowledge-service/mcp/server.go:317.114,320.3 2 0
github.com/blacklotus88888/knowledge-service/mcp/server.go:322.2,322.24 1 0
github.com/blacklotus88888/knowledge-service/mcp/server.go:322.24,326.42 2 0
github.com/blacklotus88888/knowledge-service/mcp/server.go:326.42,328.4 1 0
github.com/blacklotus88888/knowledge-service/mcp/server.go:329.3,329.85 1 0
github.com/blacklotus88888/knowledge-service/mcp/server.go:329.85,333.4 3 0
github.com/blacklotus88888/knowledge-service/mcp/server.go:334.3,334.63 1 0
github.com/blacklotus88888/knowledge-service/mcp/server.go:334.63,338.4 3 0
github.com/blacklotus88888/knowledge-service/mcp/server.go:339.8,340.85 1 0
github.com/blacklotus88888/knowledge-service/mcp/server.go:340.85,344.4 3 0
github.com/blacklotus88888/knowledge-service/mcp/server.go:347.2,352.4 1 0
github.com/blacklotus88888/knowledge-service/mcp/server.go:357.69,358.67 1 0
github.com/blacklotus88888/knowledge-service/mcp/server.go:358.67,360.3 1 0
github.com/blacklotus88888/knowledge-service/mcp/server.go:361.2,362.16 2 0
github.com/blacklotus88888/knowledge-service/mcp/server.go:362.16,368.3 4 0
github.com/blacklotus88888/knowledge-service/mcp/server.go:369.2,369.97 1 0
github.com/blacklotus88888/knowledge-service/mcp/server.go:374.56,378.29 4 0
github.com/blacklotus88888/knowledge-service/mcp/server.go:378.29,379.45 1 0
github.com/blacklotus88888/knowledge-service/mcp/server.go:379.45,381.9 2 0
github.com/blacklotus88888/knowledge-service/mcp/server.go:384.2,384.17 1 0
github.com/blacklotus88888/knowledge-service/mcp/server.go:384.17,386.3 1 0
github.com/blacklotus88888/knowledge-service/mcp/server.go:388.2,389.42 2 0
github.com/blacklotus88888/knowledge-service/mcp/server.go:389.42,390.78 1 0
github.com/blacklotus88888/knowledge-service/mcp/server.go:390.78,392.9 2 0
github.com/blacklotus88888/knowledge-service/mcp/server.go:395.2,401.32 7 0
github.com/blacklotus88888/knowledge-service/mcp/server.go:408.89,413.16 4 0
github.com/blacklotus88888/knowledge-service/mcp/server.go:413.16,417.3 3 0
github.com/blacklotus88888/knowledge-service/mcp/server.go:419.2,420.20 2 0
github.com/blacklotus88888/knowledge-service/mcp/server.go:420.20,421.24 1 0
github.com/blacklotus88888/knowledge-service/mcp/server.go:421.24,423.4 1 0
github.com/blacklotus88888/knowledge-service/mcp/server.go:423.9,425.4 1 0
github.com/blacklotus88888/knowledge-service/mcp/server.go:426.8,428.26 2 0
github.com/blacklotus88888/knowledge-service/mcp/server.go:428.26,430.4 1 0
github.com/blacklotus88888/knowledge-service/mcp/server.go:431.3,432.26 2 0
github.com/blacklotus88888/knowledge-service/mcp/server.go:432.26,434.33 2 0
github.com/blacklotus88888/knowledge-service/mcp/server.go:434.33,435.16 1 0
github.com/blacklotus88888/knowledge-service/mcp/server.go:435.16,437.6 1 0
github.com/blacklotus88888/knowledge-service/mcp/server.go:442.2,444.4 1 0
github.com/blacklotus88888/knowledge-service/mcp/server.go:451.91,453.70 2 0
github.com/blacklotus88888/knowledge-service/mcp/server.go:453.70,456.3 2 0
github.com/blacklotus88888/knowledge-service/mcp/server.go:458.2,459.16 2 0
github.com/blacklotus88888/knowledge-service/mcp/server.go:459.16,463.3 3 0
github.com/blacklotus88888/knowledge-service/mcp/server.go:465.2,470.4 1 0
github.com/blacklotus88888/knowledge-service/mcp/server.go:477.92,479.70 2 0
github.com/blacklotus88888/knowledge-service/mcp/server.go:479.70,482.3 2 0
github.com/blacklotus88888/knowledge-service/mcp/server.go:485.2,486.16 2 0
github.com/blacklotus88888/knowledge-service/mcp/server.go:486.16,489.3 2 0
github.com/blacklotus88888/knowledge-service/mcp/server.go:492.2,493.31 2 0
github.com/blacklotus88888/knowledge-service/mcp/server.go:493.31,494.42 1 0
github.com/blacklotus88888/knowledge-service/mcp/server.go:494.42,496.4 1 0
github.com/blacklotus88888/knowledge-service/mcp/server.go:499.2,499.23 1 0
github.com/blacklotus88888/knowledge-service/mcp/server.go:499.23,507.3 2 0
github.com/blacklotus88888/knowledge-service/mcp/server.go:509.2,513.26 5 0
github.com/blacklotus88888/knowledge-service/mcp/server.go:513.26,515.3 1 0
github.com/blacklotus88888/knowledge-service/mcp/server.go:515.8,517.3 1 0
github.com/blacklotus88888/knowledge-service/mcp/server.go:519.2,521.4 1 0
github.com/blacklotus88888/knowledge-service/mcp/server.go:526.40,530.29 4 0
github.com/blacklotus88888/knowledge-service/mcp/server.go:530.29,531.37 1 0
github.com/blacklotus88888/knowledge-service/mcp/server.go:531.37,532.16 1 0
github.com/blacklotus88888/knowledge-service/mcp/server.go:532.16,534.13 2 0
github.com/blacklotus88888/knowledge-service/mcp/server.go:536.4,536.9 1 0
github.com/blacklotus88888/knowledge-service/mcp/server.go:538.3,538.14 1 0
github.com/blacklotus88888/knowledge-service/mcp/server.go:538.14,540.4 1 0
github.com/blacklotus88888/knowledge-service/mcp/server.go:542.2,542.18 1 0
github.com/blacklotus88888/knowledge-service/mcp/server.go:542.18,544.3 1 0
github.com/blacklotus88888/knowledge-service/mcp/server.go:545.2,545.10 1 0
github.com/blacklotus88888/knowledge-service/mcp/server.go:550.52,551.38 1 0
github.com/blacklotus88888/knowledge-service/mcp/server.go:551.38,552.25 1 0
github.com/blacklotus88888/knowledge-service/mcp/server.go:552.25,554.4 1 0
github.com/blacklotus88888/knowledge-service/mcp/server.go:556.2,556.52 1 0
github.com/blacklotus88888/knowledge-service/mcp/server.go:561.65,562.23 1 0
github.com/blacklotus88888/knowledge-service/mcp/server.go:562.23,567.3 1 0
github.com/blacklotus88888/knowledge-service/mcp/server.go:568.2,570.28 3 0
github.com/blacklotus88888/knowledge-service/mcp/server.go:570.28,572.22 2 0
github.com/blacklotus88888/knowledge-service/mcp/server.go:572.22,574.4 1 0
github.com/blacklotus88888/knowledge-service/mcp/server.go:575.3,577.37 3 0
github.com/blacklotus88888/knowledge-service/mcp/server.go:577.37,579.70 2 0
github.com/blacklotus88888/knowledge-service/mcp/server.go:579.70,581.5 1 0
github.com/blacklotus88888/knowledge-service/mcp/server.go:582.4,582.96 1 0
github.com/blacklotus88888/knowledge-service/mcp/server.go:584.3,584.38 1 0
github.com/blacklotus88888/knowledge-service/mcp/server.go:586.2,586.20 1 0
github.com/blacklotus88888/knowledge-service/internal/cache/cache.go:21.51,27.2 1 0
github.com/blacklotus88888/knowledge-service/internal/cache/cache.go:29.42,33.9 4 0
github.com/blacklotus88888/knowledge-service/internal/cache/cache.go:33.9,36.3 2 0
github.com/blacklotus88888/knowledge-service/internal/cache/cache.go:37.2,38.42 2 0
github.com/blacklotus88888/knowledge-service/internal/cache/cache.go:41.39,44.32 3 0
github.com/blacklotus88888/knowledge-service/internal/cache/cache.go:44.32,48.3 3 0
github.com/blacklotus88888/knowledge-service/internal/cache/cache.go:49.2,49.25 1 0
github.com/blacklotus88888/knowledge-service/internal/cache/cache.go:49.25,51.18 2 0
github.com/blacklotus88888/knowledge-service/internal/cache/cache.go:51.18,54.4 2 0
github.com/blacklotus88888/knowledge-service/internal/cache/cache.go:56.2,57.19 2 0
github.com/blacklotus88888/knowledge-service/internal/cache/cache.go:60.29,65.2 4 0
github.com/blacklotus88888/knowledge-service/internal/chunker/chunker.go:29.37,37.18 6 9
github.com/blacklotus88888/knowledge-service/internal/chunker/chunker.go:37.18,40.25 3 22
github.com/blacklotus88888/knowledge-service/internal/chunker/chunker.go:40.25,42.4 1 14
github.com/blacklotus88888/knowledge-service/internal/chunker/chunker.go:43.3,44.18 2 22
github.com/blacklotus88888/knowledge-service/internal/chunker/chunker.go:47.2,48.21 2 9
github.com/blacklotus88888/knowledge-service/internal/chunker/chunker.go:48.21,50.10 2 42
github.com/blacklotus88888/knowledge-service/internal/chunker/chunker.go:51.40,54.22 3 2
github.com/blacklotus88888/knowledge-service/internal/chunker/chunker.go:54.22,56.5 1 2
github.com/blacklotus88888/knowledge-service/internal/chunker/chunker.go:56.10,58.5 1 0
github.com/blacklotus88888/knowledge-service/internal/chunker/chunker.go:59.39,63.26 4 6
github.com/blacklotus88888/knowledge-service/internal/chunker/chunker.go:64.38,67.55 3 5
github.com/blacklotus88888/knowledge-service/internal/chunker/chunker.go:68.11,70.27 2 29
github.com/blacklotus88888/knowledge-service/internal/chunker/chunker.go:73.2,76.24 3 9
github.com/blacklotus88888/knowledge-service/internal/chunker/chunker.go:76.24,78.3 1 14
github.com/blacklotus88888/knowledge-service/internal/chunker/chunker.go:79.2,79.15 1 9
github.com/blacklotus88888/knowledge-service/internal/chunker/chunker.go:83.40,85.34 2 9
github.com/blacklotus88888/knowledge-service/internal/chunker/chunker.go:85.34,87.3 1 8
github.com/blacklotus88888/knowledge-service/internal/chunker/chunker.go:88.2,90.60 2 1
github.com/blacklotus88888/knowledge-service/internal/chunker/chunker.go:90.60,92.3 1 0
github.com/blacklotus88888/knowledge-service/internal/chunker/chunker.go:93.2,94.13 2 1
github.com/blacklotus88888/knowledge-service/internal/chunker/chunker.go:94.13,96.3 1 0
github.com/blacklotus88888/knowledge-service/internal/chunker/chunker.go:97.2,100.14 3 1
github.com/blacklotus88888/knowledge-service/internal/chunker/chunker.go:105.34,106.37 1 14
github.com/blacklotus88888/knowledge-service/internal/chunker/chunker.go:106.37,108.3 1 13
github.com/blacklotus88888/knowledge-service/internal/chunker/chunker.go:109.2,114.31 5 1
github.com/blacklotus88888/knowledge-service/internal/chunker/chunker.go:114.31,115.56 1 5
github.com/blacklotus88888/knowledge-service/internal/chunker/chunker.go:115.56,122.4 3 1
github.com/blacklotus88888/knowledge-service/internal/chunker/chunker.go:123.3,123.20 1 5
github.com/blacklotus88888/knowledge-service/internal/chunker/chunker.go:123.20,125.4 1 3
github.com/blacklotus88888/knowledge-service/internal/chunker/chunker.go:126.3,126.21 1 5
github.com/blacklotus88888/knowledge-service/internal/chunker/chunker.go:128.2,128.19 1 1
github.com/blacklotus88888/knowledge-service/internal/chunker/chunker.go:128.19,133.3 1 1
github.com/blacklotus88888/knowledge-service/internal/chunker/chunker.go:134.2,134.15 1 1
github.com/blacklotus88888/knowledge-service/internal/chunker/chunker.go:137.48,138.29 1 2
github.com/blacklotus88888/knowledge-service/internal/chunker/chunker.go:138.29,140.3 1 1
github.com/blacklotus88888/knowledge-service/internal/chunker/chunker.go:141.2,141.43 1 1
github.com/blacklotus88888/knowledge-service/internal/embed/embed.go:38.34,47.26 3 0
github.com/blacklotus88888/knowledge-service/internal/embed/embed.go:47.26,49.3 1 0
github.com/blacklotus88888/knowledge-service/internal/embed/embed.go:50.2,50.10 1 0
github.com/blacklotus88888/knowledge-service/internal/embed/embed.go:56.40,61.26 5 0
github.com/blacklotus88888/knowledge-service/internal/embed/embed.go:61.26,62.30 1 0
github.com/blacklotus88888/knowledge-service/internal/embed/embed.go:62.30,63.12 1 0
github.com/blacklotus88888/knowledge-service/internal/embed/embed.go:65.3,65.23 1 0
github.com/blacklotus88888/knowledge-service/internal/embed/embed.go:67.2,67.12 1 0
github.com/blacklotus88888/knowledge-service/internal/embed/embed.go:72.37,78.26 6 0
github.com/blacklotus88888/knowledge-service/internal/embed/embed.go:78.26,79.30 1 0
github.com/blacklotus88888/knowledge-service/internal/embed/embed.go:79.30,80.12 1 0
github.com/blacklotus88888/knowledge-service/internal/embed/embed.go:82.3,83.55 2 0
github.com/blacklotus88888/knowledge-service/internal/embed/embed.go:83.55,86.4 2 0
github.com/blacklotus88888/knowledge-service/internal/embed/embed.go:88.2,88.12 1 0
github.com/blacklotus88888/knowledge-service/internal/embed/embed.go:92.51,93.22 1 0
github.com/blacklotus88888/knowledge-service/internal/embed/embed.go:93.22,95.3 1 0
github.com/blacklotus88888/knowledge-service/internal/embed/embed.go:96.2,97.27 2 0
github.com/blacklotus88888/knowledge-service/internal/embed/embed.go:97.27,99.3 1 0
github.com/blacklotus88888/knowledge-service/internal/embed/embed.go:100.2,102.27 3 0
github.com/blacklotus88888/knowledge-service/internal/embed/embed.go:102.27,104.3 1 0
github.com/blacklotus88888/knowledge-service/internal/embed/embed.go:105.2,105.11 1 0
github.com/blacklotus88888/knowledge-service/internal/embed/embed.go:109.37,111.2 1 0
github.com/blacklotus88888/knowledge-service/internal/embed/embed.go:115.103,116.15 1 0
github.com/blacklotus88888/knowledge-service/internal/embed/embed.go:116.15,118.3 1 0
github.com/blacklotus88888/knowledge-service/internal/embed/embed.go:119.2,120.30 2 0
github.com/blacklotus88888/knowledge-service/internal/embed/embed.go:120.30,122.10 2 0
github.com/blacklotus88888/knowledge-service/internal/embed/embed.go:122.10,124.4 1 0
github.com/blacklotus88888/knowledge-service/internal/embed/embed.go:125.3,128.15 4 0
github.com/blacklotus88888/knowledge-service/internal/embed/embed.go:128.15,130.4 1 0
github.com/blacklotus88888/knowledge-service/internal/embed/embed.go:130.9,132.4 1 0
github.com/blacklotus88888/knowledge-service/internal/embed/embed.go:134.2,134.23 1 0
github.com/blacklotus88888/knowledge-service/internal/embed/embed.go:139.40,140.22 1 0
github.com/blacklotus88888/knowledge-service/internal/embed/embed.go:140.22,142.3 1 0
github.com/blacklotus88888/knowledge-service/internal/embed/embed.go:143.2,144.19 2 0
github.com/blacklotus88888/knowledge-service/internal/embed/embed.go:144.19,146.3 1 0
github.com/blacklotus88888/knowledge-service/internal/embed/embed.go:147.2,147.12 1 0
github.com/blacklotus88888/knowledge-service/internal/embed/embed.go:151.41,153.24 2 0
github.com/blacklotus88888/knowledge-service/internal/embed/embed.go:153.24,155.3 1 0
github.com/blacklotus88888/knowledge-service/internal/embed/embed.go:156.2,156.14 1 0
github.com/blacklotus88888/knowledge-service/internal/embed/embed.go:156.14,158.3 1 0
github.com/blacklotus88888/knowledge-service/internal/embed/embed.go:159.2,160.21 2 0
github.com/blacklotus88888/knowledge-service/internal/embed/embed.go:160.21,162.3 1 0
github.com/blacklotus88888/knowledge-service/internal/embed/embed.go:163.2,163.12 1 0
github.com/blacklotus88888/knowledge-service/internal/embed/embed.go:167.34,169.22 2 0
github.com/blacklotus88888/knowledge-service/internal/embed/embed.go:169.22,175.3 5 0
github.com/blacklotus88888/knowledge-service/internal/embed/embed.go:176.2,176.10 1 0
github.com/blacklotus88888/knowledge-service/internal/embed/embed.go:181.36,182.34 1 0
github.com/blacklotus88888/knowledge-service/internal/embed/embed.go:182.34,184.3 1 0
github.com/blacklotus88888/knowledge-service/internal/embed/embed.go:185.2,186.19 2 0
github.com/blacklotus88888/knowledge-service/internal/embed/embed.go:186.19,189.3 2 0
github.com/blacklotus88888/knowledge-service/internal/embed/embed.go:190.2,190.10 1 0
github.com/blacklotus88888/knowledge-service/internal/embed/embed.go:193.32,197.2 3 0
github.com/blacklotus88888/knowledge-service/internal/embed/ollama.go:28.68,37.16 4 0
github.com/blacklotus88888/knowledge-service/internal/embed/ollama.go:37.16,39.3 1 0
github.com/blacklotus88888/knowledge-service/internal/embed/ollama.go:40.2,41.15 2 0
github.com/blacklotus88888/knowledge-service/internal/embed/ollama.go:44.37,44.54 1 0
github.com/blacklotus88888/knowledge-service/internal/embed/ollama.go:47.64,49.2 1 0
github.com/blacklotus88888/knowledge-service/internal/embed/ollama.go:51.89,53.16 2 0
github.com/blacklotus88888/knowledge-service/internal/embed/ollama.go:53.16,55.3 1 0
github.com/blacklotus88888/knowledge-service/internal/embed/ollama.go:56.2,57.16 2 0
github.com/blacklotus88888/knowledge-service/internal/embed/ollama.go:57.16,59.3 1 0
github.com/blacklotus88888/knowledge-service/internal/embed/ollama.go:60.2,62.16 3 0
github.com/blacklotus88888/knowledge-service/internal/embed/ollama.go:62.16,64.3 1 0
github.com/blacklotus88888/knowledge-service/internal/embed/ollama.go:65.2,66.38 2 0
github.com/blacklotus88888/knowledge-service/internal/embed/ollama.go:66.38,69.3 2 0
github.com/blacklotus88888/knowledge-service/internal/embed/ollama.go:70.2,73.67 2 0
github.com/blacklotus88888/knowledge-service/internal/embed/ollama.go:73.67,75.3 1 0
github.com/blacklotus88888/knowledge-service/internal/embed/ollama.go:76.2,76.32 1 0
github.com/blacklotus88888/knowledge-service/internal/embed/ollama.go:76.32,78.3 1 0
github.com/blacklotus88888/knowledge-service/internal/embed/ollama.go:79.2,80.37 2 0
github.com/blacklotus88888/knowledge-service/internal/embed/ollama.go:80.37,82.3 1 0
github.com/blacklotus88888/knowledge-service/internal/embed/ollama.go:83.2,83.26 1 0
github.com/blacklotus88888/knowledge-service/internal/store/ingest.go:23.46,25.16 2 0
github.com/blacklotus88888/knowledge-service/internal/store/ingest.go:25.16,27.3 1 0
github.com/blacklotus88888/knowledge-service/internal/store/ingest.go:28.2,28.20 1 0
github.com/blacklotus88888/knowledge-service/internal/store/ingest.go:28.20,30.3 1 0
github.com/blacklotus88888/knowledge-service/internal/store/ingest.go:33.2,39.16 6 0
github.com/blacklotus88888/knowledge-service/internal/store/ingest.go:39.16,41.3 1 0
github.com/blacklotus88888/knowledge-service/internal/store/ingest.go:42.2,48.16 3 0
github.com/blacklotus88888/knowledge-service/internal/store/ingest.go:48.16,50.3 1 0
github.com/blacklotus88888/knowledge-service/internal/store/ingest.go:51.2,58.16 3 0
github.com/blacklotus88888/knowledge-service/internal/store/ingest.go:58.16,60.3 1 0
github.com/blacklotus88888/knowledge-service/internal/store/ingest.go:61.2,63.27 2 0
github.com/blacklotus88888/knowledge-service/internal/store/ingest.go:63.27,64.65 1 0
github.com/blacklotus88888/knowledge-service/internal/store/ingest.go:64.65,66.4 1 0
github.com/blacklotus88888/knowledge-service/internal/store/ingest.go:68.3,69.104 2 0
github.com/blacklotus88888/knowledge-service/internal/store/ingest.go:69.104,71.4 1 0
github.com/blacklotus88888/knowledge-service/internal/store/ingest.go:74.3,75.17 2 0
github.com/blacklotus88888/knowledge-service/internal/store/ingest.go:75.17,77.4 1 0
github.com/blacklotus88888/knowledge-service/internal/store/ingest.go:78.3,79.21 2 0
github.com/blacklotus88888/knowledge-service/internal/store/ingest.go:79.21,81.43 2 0
github.com/blacklotus88888/knowledge-service/internal/store/ingest.go:81.43,83.5 1 0
github.com/blacklotus88888/knowledge-service/internal/store/ingest.go:85.3,86.34 2 0
github.com/blacklotus88888/knowledge-service/internal/store/ingest.go:86.34,87.81 1 0
github.com/blacklotus88888/knowledge-service/internal/store/ingest.go:87.81,89.5 1 0
github.com/blacklotus88888/knowledge-service/internal/store/ingest.go:93.3,93.114 1 0
github.com/blacklotus88888/knowledge-service/internal/store/ingest.go:93.114,95.4 1 0
github.com/blacklotus88888/knowledge-service/internal/store/ingest.go:97.3,97.33 1 0
github.com/blacklotus88888/knowledge-service/internal/store/ingest.go:97.33,100.84 3 0
github.com/blacklotus88888/knowledge-service/internal/store/ingest.go:100.84,102.5 1 0
github.com/blacklotus88888/knowledge-service/internal/store/ingest.go:106.3,109.17 1 0
github.com/blacklotus88888/knowledge-service/internal/store/ingest.go:109.17,111.4 1 0
github.com/blacklotus88888/knowledge-service/internal/store/ingest.go:114.2,114.36 1 0
github.com/blacklotus88888/knowledge-service/internal/store/ingest.go:114.36,116.3 1 0
github.com/blacklotus88888/knowledge-service/internal/store/ingest.go:120.2,121.12 2 0
github.com/blacklotus88888/knowledge-service/internal/store/ingest.go:124.50,126.79 2 0
github.com/blacklotus88888/knowledge-service/internal/store/ingest.go:126.79,127.62 1 0
github.com/blacklotus88888/knowledge-service/internal/store/ingest.go:127.62,129.4 1 0
github.com/blacklotus88888/knowledge-service/internal/store/ingest.go:130.3,131.17 2 0
github.com/blacklotus88888/knowledge-service/internal/store/ingest.go:131.17,133.4 1 0
github.com/blacklotus88888/knowledge-service/internal/store/ingest.go:134.3,135.23 2 0
github.com/blacklotus88888/knowledge-service/internal/store/ingest.go:135.23,137.4 1 0
github.com/blacklotus88888/knowledge-service/internal/store/ingest.go:138.3,139.18 2 0
github.com/blacklotus88888/knowledge-service/internal/store/ingest.go:139.18,141.4 1 0
github.com/blacklotus88888/knowledge-service/internal/store/ingest.go:142.3,144.13 3 0
github.com/blacklotus88888/knowledge-service/internal/store/ingest.go:146.2,146.18 1 0
github.com/blacklotus88888/knowledge-service/internal/store/search.go:20.83,21.16 1 0
github.com/blacklotus88888/knowledge-service/internal/store/search.go:21.16,23.3 1 0
github.com/blacklotus88888/knowledge-service/internal/store/search.go:24.2,25.38 2 0
github.com/blacklotus88888/knowledge-service/internal/store/search.go:25.38,27.3 1 0
github.com/blacklotus88888/knowledge-service/internal/store/search.go:29.2,30.16 2 0
github.com/blacklotus88888/knowledge-service/internal/store/search.go:30.16,32.3 1 0
github.com/blacklotus88888/knowledge-service/internal/store/search.go:33.2,34.16 2 0
github.com/blacklotus88888/knowledge-service/internal/store/search.go:34.16,36.3 1 0
github.com/blacklotus88888/knowledge-service/internal/store/search.go:38.2,40.17 3 0
github.com/blacklotus88888/knowledge-service/internal/store/search.go:44.32,44.49 1 0
github.com/blacklotus88888/knowledge-service/internal/store/search.go:47.69,49.16 2 0
github.com/blacklotus88888/knowledge-service/internal/store/search.go:49.16,51.3 1 0
github.com/blacklotus88888/knowledge-service/internal/store/search.go:53.2,53.65 1 0
github.com/blacklotus88888/knowledge-service/internal/store/search.go:53.65,55.3 1 0
github.com/blacklotus88888/knowledge-service/internal/store/search.go:57.2,57.17 1 0
github.com/blacklotus88888/knowledge-service/internal/store/search.go:57.17,58.65 1 0
github.com/blacklotus88888/knowledge-service/internal/store/search.go:58.65,60.4 1 0
github.com/blacklotus88888/knowledge-service/internal/store/search.go:62.2,62.17 1 0
github.com/blacklotus88888/knowledge-service/internal/store/search.go:65.74,75.16 2 0
github.com/blacklotus88888/knowledge-service/internal/store/search.go:75.16,77.3 1 0
github.com/blacklotus88888/knowledge-service/internal/store/search.go:78.2,80.18 3 0
github.com/blacklotus88888/knowledge-service/internal/store/search.go:80.18,82.85 2 0
github.com/blacklotus88888/knowledge-service/internal/store/search.go:82.85,83.12 1 0
github.com/blacklotus88888/knowledge-service/internal/store/search.go:85.3,85.23 1 0
github.com/blacklotus88888/knowledge-service/internal/store/search.go:87.2,87.24 1 0
github.com/blacklotus88888/knowledge-service/internal/store/search.go:90.72,91.37 1 0
github.com/blacklotus88888/knowledge-service/internal/store/search.go:91.37,93.3 1 0
github.com/blacklotus88888/knowledge-service/internal/store/search.go:95.2,100.20 5 0
github.com/blacklotus88888/knowledge-service/internal/store/search.go:100.20,102.3 1 0
github.com/blacklotus88888/knowledge-service/internal/store/search.go:105.2,106.23 2 0
github.com/blacklotus88888/knowledge-service/internal/store/search.go:106.23,108.17 2 0
github.com/blacklotus88888/knowledge-service/internal/store/search.go:108.17,110.4 1 0
github.com/blacklotus88888/knowledge-service/internal/store/search.go:111.3,111.11 1 0
github.com/blacklotus88888/knowledge-service/internal/store/search.go:112.8,116.16 4 0
github.com/blacklotus88888/knowledge-service/internal/store/search.go:116.16,118.4 1 0
github.com/blacklotus88888/knowledge-service/internal/store/search.go:119.3,119.59 1 0
github.com/blacklotus88888/knowledge-service/internal/store/search.go:122.2,127.26 3 0
github.com/blacklotus88888/knowledge-service/internal/store/search.go:127.26,129.3 1 0
github.com/blacklotus88888/knowledge-service/internal/store/search.go:130.2,130.41 1 0
github.com/blacklotus88888/knowledge-service/internal/store/search.go:130.41,130.81 1 0
github.com/blacklotus88888/knowledge-service/internal/store/search.go:132.2,133.28 2 0
github.com/blacklotus88888/knowledge-service/internal/store/search.go:133.28,134.49 1 0
github.com/blacklotus88888/knowledge-service/internal/store/search.go:134.49,135.9 1 0
github.com/blacklotus88888/knowledge-service/internal/store/search.go:137.3,143.5 1 0
github.com/blacklotus88888/knowledge-service/internal/store/search.go:145.2,145.17 1 0
github.com/blacklotus88888/knowledge-service/internal/store/search.go:148.54,152.24 3 0
github.com/blacklotus88888/knowledge-service/internal/store/search.go:152.24,155.3 2 0
github.com/blacklotus88888/knowledge-service/internal/store/search.go:156.2,156.24 1 0
github.com/blacklotus88888/knowledge-service/internal/store/search.go:156.24,158.31 2 0
github.com/blacklotus88888/knowledge-service/internal/store/search.go:158.31,160.4 1 0
github.com/blacklotus88888/knowledge-service/internal/store/search.go:163.2,168.29 3 0
github.com/blacklotus88888/knowledge-service/internal/store/search.go:168.29,170.3 1 0
github.com/blacklotus88888/knowledge-service/internal/store/search.go:171.2,171.40 1 0
github.com/blacklotus88888/knowledge-service/internal/store/search.go:171.40,171.82 1 0
github.com/blacklotus88888/knowledge-service/internal/store/search.go:173.2,174.27 2 0
github.com/blacklotus88888/knowledge-service/internal/store/search.go:174.27,175.24 1 0
github.com/blacklotus88888/knowledge-service/internal/store/search.go:175.24,176.9 1 0
github.com/blacklotus88888/knowledge-service/internal/store/search.go:178.3,180.23 3 0
github.com/blacklotus88888/knowledge-service/internal/store/search.go:182.2,182.12 1 0
github.com/blacklotus88888/knowledge-service/internal/store/search.go:190.61,192.25 2 0
github.com/blacklotus88888/knowledge-service/internal/store/search.go:192.25,194.3 1 0
github.com/blacklotus88888/knowledge-service/internal/store/search.go:195.2,196.30 2 0
github.com/blacklotus88888/knowledge-service/internal/store/search.go:196.30,198.3 1 0
github.com/blacklotus88888/knowledge-service/internal/store/search.go:200.2,202.30 3 0
github.com/blacklotus88888/knowledge-service/internal/store/search.go:202.30,204.3 1 0
github.com/blacklotus88888/knowledge-service/internal/store/search.go:206.2,206.45 1 0
github.com/blacklotus88888/knowledge-service/internal/store/search.go:206.45,208.3 1 0
github.com/blacklotus88888/knowledge-service/internal/store/search.go:209.2,209.71 1 0
github.com/blacklotus88888/knowledge-service/internal/store/store.go:91.40,93.16 2 0
github.com/blacklotus88888/knowledge-service/internal/store/store.go:93.16,95.3 1 0
github.com/blacklotus88888/knowledge-service/internal/store/store.go:96.2,98.43 2 0
github.com/blacklotus88888/knowledge-service/internal/store/store.go:98.43,101.3 2 0
github.com/blacklotus88888/knowledge-service/internal/store/store.go:104.2,106.9 3 0
github.com/blacklotus88888/knowledge-service/internal/store/store.go:107.16,108.99 1 0
github.com/blacklotus88888/knowledge-service/internal/store/store.go:108.99,111.4 2 0
github.com/blacklotus88888/knowledge-service/internal/store/store.go:112.34,114.152 2 0
github.com/blacklotus88888/knowledge-service/internal/store/store.go:118.2,124.15 3 0
github.com/blacklotus88888/knowledge-service/internal/store/store.go:128.31,128.54 1 0
github.com/blacklotus88888/knowledge-service/internal/store/store.go:134.47,135.33 1 0
github.com/blacklotus88888/knowledge-service/internal/store/store.go:135.33,138.56 1 0
github.com/blacklotus88888/knowledge-service/internal/store/store.go:138.56,142.4 1 0
github.com/blacklotus88888/knowledge-service/internal/store/store.go:144.2,144.16 1 0
github.com/blacklotus88888/knowledge-service/internal/store/store.go:149.37,150.11 1 0
github.com/blacklotus88888/knowledge-service/internal/store/store.go:150.11,152.3 1 0
github.com/blacklotus88888/knowledge-service/internal/store/store.go:156.36,156.63 1 0
github.com/blacklotus88888/knowledge-service/internal/store/store.go:161.111,162.23 1 0
github.com/blacklotus88888/knowledge-service/internal/store/store.go:162.23,164.20 2 0
github.com/blacklotus88888/knowledge-service/internal/store/store.go:164.20,166.4 1 0
github.com/blacklotus88888/knowledge-service/internal/store/store.go:167.3,168.17 2 0
github.com/blacklotus88888/knowledge-service/internal/store/store.go:168.17,170.4 1 0
github.com/blacklotus88888/knowledge-service/internal/store/store.go:171.3,171.11 1 0
github.com/blacklotus88888/knowledge-service/internal/store/store.go:174.2,182.15 9 0
github.com/blacklotus88888/knowledge-service/internal/store/store.go:182.15,184.3 1 0
github.com/blacklotus88888/knowledge-service/internal/store/store.go:185.2,185.58 1 0
github.com/blacklotus88888/knowledge-service/internal/store/store.go:189.29,191.16 2 0
github.com/blacklotus88888/knowledge-service/internal/store/store.go:191.16,193.3 1 0
github.com/blacklotus88888/knowledge-service/internal/store/store.go:194.2,196.18 3 0
github.com/blacklotus88888/knowledge-service/internal/store/store.go:196.18,199.48 3 0
github.com/blacklotus88888/knowledge-service/internal/store/store.go:199.48,201.4 1 0
github.com/blacklotus88888/knowledge-service/internal/store/store.go:203.2,206.15 4 0
github.com/blacklotus88888/knowledge-service/internal/store/store.go:215.42,224.16 3 0
github.com/blacklotus88888/knowledge-service/internal/store/store.go:224.16,226.3 1 0
github.com/blacklotus88888/knowledge-service/internal/store/store.go:227.2,228.18 2 0
github.com/blacklotus88888/knowledge-service/internal/store/store.go:228.18,230.80 2 0
github.com/blacklotus88888/knowledge-service/internal/store/store.go:230.80,232.4 1 0
github.com/blacklotus88888/knowledge-service/internal/store/store.go:234.2,237.12 3 0
github.com/blacklotus88888/knowledge-service/internal/store/store.go:237.12,239.3 1 0
github.com/blacklotus88888/knowledge-service/internal/store/store.go:241.2,244.23 3 0
github.com/blacklotus88888/knowledge-service/internal/store/store.go:244.23,247.25 2 0
github.com/blacklotus88888/knowledge-service/internal/store/store.go:247.25,249.66 2 0
github.com/blacklotus88888/knowledge-service/internal/store/store.go:249.66,250.17 1 0
github.com/blacklotus88888/knowledge-service/internal/store/store.go:250.17,253.6 2 0
github.com/blacklotus88888/knowledge-service/internal/store/store.go:256.3,257.27 2 0
github.com/blacklotus88888/knowledge-service/internal/store/store.go:257.27,259.4 1 0
github.com/blacklotus88888/knowledge-service/internal/store/store.go:262.3,263.17 2 0
github.com/blacklotus88888/knowledge-service/internal/store/store.go:263.17,265.4 1 0
github.com/blacklotus88888/knowledge-service/internal/store/store.go:266.3,266.57 1 0
github.com/blacklotus88888/knowledge-service/internal/store/store.go:266.57,269.4 2 0
github.com/blacklotus88888/knowledge-service/internal/store/store.go:270.3,271.17 2 0
github.com/blacklotus88888/knowledge-service/internal/store/store.go:271.17,274.4 2 0
github.com/blacklotus88888/knowledge-service/internal/store/store.go:275.3,276.27 2 0
github.com/blacklotus88888/knowledge-service/internal/store/store.go:276.27,277.59 1 0
github.com/blacklotus88888/knowledge-service/internal/store/store.go:277.59,279.10 2 0
github.com/blacklotus88888/knowledge-service/internal/store/store.go:282.3,283.21 2 0
github.com/blacklotus88888/knowledge-service/internal/store/store.go:283.21,286.4 2 0
github.com/blacklotus88888/knowledge-service/internal/store/store.go:287.3,287.37 1 0
github.com/blacklotus88888/knowledge-service/internal/store/store.go:287.37,289.4 1 0
github.com/blacklotus88888/knowledge-service/internal/store/store.go:295.2,296.16 2 0
github.com/blacklotus88888/knowledge-service/internal/store/store.go:296.16,298.3 1 0
github.com/blacklotus88888/knowledge-service/internal/store/store.go:299.2,300.24 2 0
github.com/blacklotus88888/knowledge-service/internal/store/store.go:300.24,301.39 1 0
github.com/blacklotus88888/knowledge-service/internal/store/store.go:301.39,302.12 1 0
github.com/blacklotus88888/knowledge-service/internal/store/store.go:304.3,305.15 2 0
github.com/blacklotus88888/knowledge-service/internal/store/store.go:305.15,306.12 1 0
github.com/blacklotus88888/knowledge-service/internal/store/store.go:308.3,308.37 1 0
github.com/blacklotus88888/knowledge-service/internal/store/store.go:311.2,314.15 4 0
github.com/blacklotus88888/knowledge-service/internal/store/store.go:319.34,322.19 3 0
github.com/blacklotus88888/knowledge-service/internal/store/store.go:322.19,324.3 1 0
github.com/blacklotus88888/knowledge-service/internal/store/store.go:326.2,332.16 2 0
github.com/blacklotus88888/knowledge-service/internal/store/store.go:332.16,334.3 1 0
github.com/blacklotus88888/knowledge-service/internal/store/store.go:335.2,338.18 3 0
github.com/blacklotus88888/knowledge-service/internal/store/store.go:338.18,341.89 3 0
github.com/blacklotus88888/knowledge-service/internal/store/store.go:341.89,342.12 1 0
github.com/blacklotus88888/knowledge-service/internal/store/store.go:344.3,345.15 2 0
github.com/blacklotus88888/knowledge-service/internal/store/store.go:345.15,346.12 1 0
github.com/blacklotus88888/knowledge-service/internal/store/store.go:348.3,349.26 2 0
github.com/blacklotus88888/knowledge-service/internal/store/store.go:351.2,351.35 1 0
github.com/blacklotus88888/knowledge-service/internal/store/store.go:351.35,353.3 1 0
github.com/blacklotus88888/knowledge-service/internal/store/store.go:355.2,356.12 2 0
github.com/blacklotus88888/knowledge-service/internal/store/store.go:359.34,363.2 3 0
github.com/blacklotus88888/knowledge-service/internal/store/store.go:366.68,374.16 2 0
github.com/blacklotus88888/knowledge-service/internal/store/store.go:374.16,376.3 1 0
github.com/blacklotus88888/knowledge-service/internal/store/store.go:377.2,381.18 4 0
github.com/blacklotus88888/knowledge-service/internal/store/store.go:381.18,383.60 2 0
github.com/blacklotus88888/knowledge-service/internal/store/store.go:383.60,384.12 1 0
github.com/blacklotus88888/knowledge-service/internal/store/store.go:386.3,386.29 1 0
github.com/blacklotus88888/knowledge-service/internal/store/store.go:386.29,388.4 1 0
github.com/blacklotus88888/knowledge-service/internal/store/store.go:388.9,391.4 2 0
github.com/blacklotus88888/knowledge-service/internal/store/store.go:393.2,393.25 1 0
github.com/blacklotus88888/knowledge-service/internal/store/store.go:397.58,399.16 2 0
github.com/blacklotus88888/knowledge-service/internal/store/store.go:399.16,401.3 1 0
github.com/blacklotus88888/knowledge-service/internal/store/store.go:402.2,405.96 3 0
github.com/blacklotus88888/knowledge-service/internal/store/store.go:405.96,407.3 1 0
github.com/blacklotus88888/knowledge-service/internal/store/store.go:409.2,410.16 2 0
github.com/blacklotus88888/knowledge-service/internal/store/store.go:410.16,412.3 1 0
github.com/blacklotus88888/knowledge-service/internal/store/store.go:413.2,414.18 2 0
github.com/blacklotus88888/knowledge-service/internal/store/store.go:414.18,416.40 2 0
github.com/blacklotus88888/knowledge-service/internal/store/store.go:416.40,418.4 1 0
github.com/blacklotus88888/knowledge-service/internal/store/store.go:420.2,422.31 2 0
github.com/blacklotus88888/knowledge-service/internal/store/store.go:422.31,423.81 1 0
github.com/blacklotus88888/knowledge-service/internal/store/store.go:423.81,425.4 1 0
github.com/blacklotus88888/knowledge-service/internal/store/store.go:428.2,429.16 2 0
github.com/blacklotus88888/knowledge-service/internal/store/store.go:429.16,431.3 1 0
github.com/blacklotus88888/knowledge-service/internal/store/store.go:432.2,434.36 2 0
github.com/blacklotus88888/knowledge-service/internal/store/store.go:434.36,436.3 1 0
github.com/blacklotus88888/knowledge-service/internal/store/store.go:437.2,439.36 3 0
github.com/blacklotus88888/knowledge-service/internal/store/store.go:446.65,448.16 2 0
github.com/blacklotus88888/knowledge-service/internal/store/store.go:448.16,450.3 1 0
github.com/blacklotus88888/knowledge-service/internal/store/store.go:451.2,456.16 2 0
github.com/blacklotus88888/knowledge-service/internal/store/store.go:456.16,458.3 1 0
github.com/blacklotus88888/knowledge-service/internal/store/store.go:460.2,461.96 2 0
github.com/blacklotus88888/knowledge-service/internal/store/store.go:461.96,463.3 1 0
github.com/blacklotus88888/knowledge-service/internal/store/store.go:465.2,468.19 2 0
github.com/blacklotus88888/knowledge-service/internal/store/store.go:468.19,471.17 3 0
github.com/blacklotus88888/knowledge-service/internal/store/store.go:471.17,473.113 1 0
github.com/blacklotus88888/knowledge-service/internal/store/store.go:473.113,475.5 1 0
github.com/blacklotus88888/knowledge-service/internal/store/store.go:476.4,476.89 1 0
github.com/blacklotus88888/knowledge-service/internal/store/store.go:476.89,478.5 1 0
github.com/blacklotus88888/knowledge-service/internal/store/store.go:479.4,479.132 1 0
github.com/blacklotus88888/knowledge-service/internal/store/store.go:479.132,481.5 1 0
github.com/blacklotus88888/knowledge-service/internal/store/store.go:482.4,482.38 1 0
github.com/blacklotus88888/knowledge-service/internal/store/store.go:482.38,484.5 1 0
github.com/blacklotus88888/knowledge-service/internal/store/store.go:485.4,485.20 1 0
github.com/blacklotus88888/knowledge-service/internal/store/store.go:489.2,489.16 1 0
github.com/blacklotus88888/knowledge-service/internal/store/store.go:489.16,493.19 4 0
github.com/blacklotus88888/knowledge-service/internal/store/store.go:493.19,495.4 1 0
github.com/blacklotus88888/knowledge-service/internal/store/store.go:496.3,500.17 2 0
github.com/blacklotus88888/knowledge-service/internal/store/store.go:500.17,502.4 1 0
github.com/blacklotus88888/knowledge-service/internal/store/store.go:503.3,504.128 2 0
github.com/blacklotus88888/knowledge-service/internal/store/store.go:504.128,506.4 1 0
github.com/blacklotus88888/knowledge-service/internal/store/store.go:507.3,507.37 1 0
github.com/blacklotus88888/knowledge-service/internal/store/store.go:507.37,509.4 1 0
github.com/blacklotus88888/knowledge-service/internal/store/store.go:514.2,516.12 3 0
github.com/blacklotus88888/knowledge-service/internal/store/store.go:519.39,520.14 1 0
github.com/blacklotus88888/knowledge-service/internal/store/store.go:520.14,522.3 1 0
github.com/blacklotus88888/knowledge-service/internal/store/store.go:523.2,523.15 1 0
github.com/blacklotus88888/knowledge-service/mcp/server.go:28.78,30.2 1 0
github.com/blacklotus88888/knowledge-service/mcp/server.go:34.56,39.21 4 0
github.com/blacklotus88888/knowledge-service/mcp/server.go:39.21,41.21 2 0
github.com/blacklotus88888/knowledge-service/mcp/server.go:41.21,42.12 1 0
github.com/blacklotus88888/knowledge-service/mcp/server.go:44.3,45.52 2 0
github.com/blacklotus88888/knowledge-service/mcp/server.go:45.52,47.12 2 0
github.com/blacklotus88888/knowledge-service/mcp/server.go:49.3,49.24 1 0
github.com/blacklotus88888/knowledge-service/mcp/server.go:51.2,51.22 1 0
github.com/blacklotus88888/knowledge-service/mcp/server.go:56.60,59.51 3 0
github.com/blacklotus88888/knowledge-service/mcp/server.go:59.51,62.3 2 0
github.com/blacklotus88888/knowledge-service/mcp/server.go:63.2,63.23 1 0
github.com/blacklotus88888/knowledge-service/mcp/server.go:69.37,71.32 2 0
github.com/blacklotus88888/knowledge-service/mcp/server.go:71.32,80.3 1 0
github.com/blacklotus88888/knowledge-service/mcp/server.go:81.2,81.12 1 0
github.com/blacklotus88888/knowledge-service/mcp/server.go:105.77,107.2 1 0
github.com/blacklotus88888/knowledge-service/mcp/server.go:109.90,111.2 1 0
github.com/blacklotus88888/knowledge-service/mcp/server.go:115.63,118.20 2 0
github.com/blacklotus88888/knowledge-service/mcp/server.go:119.20,129.5 4 0
github.com/blacklotus88888/knowledge-service/mcp/server.go:131.50,131.50 0 0
github.com/blacklotus88888/knowledge-service/mcp/server.go:134.20,135.63 1 0
github.com/blacklotus88888/knowledge-service/mcp/server.go:137.20,138.31 1 0
github.com/blacklotus88888/knowledge-service/mcp/server.go:140.24,141.63 1 0
github.com/blacklotus88888/knowledge-service/mcp/server.go:143.22,144.61 1 0
github.com/blacklotus88888/knowledge-service/mcp/server.go:146.14,147.43 1 0
github.com/blacklotus88888/knowledge-service/mcp/server.go:149.10,150.20 1 0
github.com/blacklotus88888/knowledge-service/mcp/server.go:150.20,152.4 1 0
github.com/blacklotus88888/knowledge-service/mcp/server.go:158.35,248.2 1 0
github.com/blacklotus88888/knowledge-service/mcp/server.go:255.71,257.55 2 0
github.com/blacklotus88888/knowledge-service/mcp/server.go:257.55,260.3 2 0
github.com/blacklotus88888/knowledge-service/mcp/server.go:262.2,262.16 1 0
github.com/blacklotus88888/knowledge-service/mcp/server.go:263.26,264.43 1 0
github.com/blacklotus88888/knowledge-service/mcp/server.go:265.24,266.41 1 0
github.com/blacklotus88888/knowledge-service/mcp/server.go:267.25,268.42 1 0
github.com/blacklotus88888/knowledge-service/mcp/server.go:269.26,270.43 1 0
github.com/blacklotus88888/knowledge-service/mcp/server.go:271.18,272.44 1 0
github.com/blacklotus88888/knowledge-service/mcp/server.go:273.10,274.77 1 0
github.com/blacklotus88888/knowledge-service/mcp/server.go:283.91,285.71 2 0
github.com/blacklotus88888/knowledge-service/mcp/server.go:285.71,288.3 2 0
github.com/blacklotus88888/knowledge-service/mcp/server.go:289.2,289.21 1 0
github.com/blacklotus88888/knowledge-service/mcp/server.go:289.21,291.3 1 0
github.com/blacklotus88888/knowledge-service/mcp/server.go:292.2,292.21 1 0
github.com/blacklotus88888/knowledge-service/mcp/server.go:292.21,294.3 1 0
github.com/blacklotus88888/knowledge-service/mcp/server.go:296.2,297.16 2 0
github.com/blacklotus88888/knowledge-service/mcp/server.go:297.16,301.3 3 0
github.com/blacklotus88888/knowledge-service/mcp/server.go:303.2,306.4 2 0
github.com/blacklotus88888/knowledge-service/mcp/server.go:315.90,317.114 2 0
github.com/blacklotus88888/knowledge-service/mcp/server.go:317.114,320.3 2 0
github.com/blacklotus88888/knowledge-service/mcp/server.go:322.2,322.24 1 0
github.com/blacklotus88888/knowledge-service/mcp/server.go:322.24,326.42 2 0
github.com/blacklotus88888/knowledge-service/mcp/server.go:326.42,328.4 1 0
github.com/blacklotus88888/knowledge-service/mcp/server.go:329.3,329.85 1 0
github.com/blacklotus88888/knowledge-service/mcp/server.go:329.85,333.4 3 0
github.com/blacklotus88888/knowledge-service/mcp/server.go:334.3,334.63 1 0
github.com/blacklotus88888/knowledge-service/mcp/server.go:334.63,338.4 3 0
github.com/blacklotus88888/knowledge-service/mcp/server.go:339.8,340.85 1 0
github.com/blacklotus88888/knowledge-service/mcp/server.go:340.85,344.4 3 0
github.com/blacklotus88888/knowledge-service/mcp/server.go:347.2,352.4 1 0
github.com/blacklotus88888/knowledge-service/mcp/server.go:357.69,358.67 1 0
github.com/blacklotus88888/knowledge-service/mcp/server.go:358.67,360.3 1 0
github.com/blacklotus88888/knowledge-service/mcp/server.go:361.2,362.16 2 0
github.com/blacklotus88888/knowledge-service/mcp/server.go:362.16,368.3 4 0
github.com/blacklotus88888/knowledge-service/mcp/server.go:369.2,369.97 1 0
github.com/blacklotus88888/knowledge-service/mcp/server.go:374.56,378.29 4 0
github.com/blacklotus88888/knowledge-service/mcp/server.go:378.29,379.45 1 0
github.com/blacklotus88888/knowledge-service/mcp/server.go:379.45,381.9 2 0
github.com/blacklotus88888/knowledge-service/mcp/server.go:384.2,384.17 1 0
github.com/blacklotus88888/knowledge-service/mcp/server.go:384.17,386.3 1 0
github.com/blacklotus88888/knowledge-service/mcp/server.go:388.2,389.42 2 0
github.com/blacklotus88888/knowledge-service/mcp/server.go:389.42,390.78 1 0
github.com/blacklotus88888/knowledge-service/mcp/server.go:390.78,392.9 2 0
github.com/blacklotus88888/knowledge-service/mcp/server.go:395.2,401.32 7 0
github.com/blacklotus88888/knowledge-service/mcp/server.go:408.89,413.16 4 0
github.com/blacklotus88888/knowledge-service/mcp/server.go:413.16,417.3 3 0
github.com/blacklotus88888/knowledge-service/mcp/server.go:419.2,420.20 2 0
github.com/blacklotus88888/knowledge-service/mcp/server.go:420.20,421.24 1 0
github.com/blacklotus88888/knowledge-service/mcp/server.go:421.24,423.4 1 0
github.com/blacklotus88888/knowledge-service/mcp/server.go:423.9,425.4 1 0
github.com/blacklotus88888/knowledge-service/mcp/server.go:426.8,428.26 2 0
github.com/blacklotus88888/knowledge-service/mcp/server.go:428.26,430.4 1 0
github.com/blacklotus88888/knowledge-service/mcp/server.go:431.3,432.26 2 0
github.com/blacklotus88888/knowledge-service/mcp/server.go:432.26,434.33 2 0
github.com/blacklotus88888/knowledge-service/mcp/server.go:434.33,435.16 1 0
github.com/blacklotus88888/knowledge-service/mcp/server.go:435.16,437.6 1 0
github.com/blacklotus88888/knowledge-service/mcp/server.go:442.2,444.4 1 0
github.com/blacklotus88888/knowledge-service/mcp/server.go:451.91,453.70 2 0
github.com/blacklotus88888/knowledge-service/mcp/server.go:453.70,456.3 2 0
[...]
github.com/blacklotus88888/knowledge-service/internal/store/store.go:164.20,166.4 1 0
github.com/blacklotus88888/knowledge-service/internal/store/store.go:167.3,168.17 2 0
github.com/blacklotus88888/knowledge-service/internal/store/store.go:168.17,170.4 1 0
github.com/blacklotus88888/knowledge-service/internal/store/store.go:171.3,171.11 1 0
github.com/blacklotus88888/knowledge-service/internal/store/store.go:174.2,182.15 9 24
github.com/blacklotus88888/knowledge-service/internal/store/store.go:182.15,184.3 1 0
github.com/blacklotus88888/knowledge-service/internal/store/store.go:185.2,185.58 1 24
github.com/blacklotus88888/knowledge-service/internal/store/store.go:189.29,191.16 2 21
github.com/blacklotus88888/knowledge-service/internal/store/store.go:191.16,193.3 1 0
github.com/blacklotus88888/knowledge-service/internal/store/store.go:194.2,196.18 3 21
github.com/blacklotus88888/knowledge-service/internal/store/store.go:196.18,199.48 3 0
github.com/blacklotus88888/knowledge-service/internal/store/store.go:199.48,201.4 1 0
github.com/blacklotus88888/knowledge-service/internal/store/store.go:203.2,206.15 4 21
github.com/blacklotus88888/knowledge-service/internal/store/store.go:215.42,224.16 3 8
github.com/blacklotus88888/knowledge-service/internal/store/store.go:224.16,226.3 1 0
github.com/blacklotus88888/knowledge-service/internal/store/store.go:227.2,228.18 2 8
github.com/blacklotus88888/knowledge-service/internal/store/store.go:228.18,230.80 2 14
github.com/blacklotus88888/knowledge-service/internal/store/store.go:230.80,232.4 1 14
github.com/blacklotus88888/knowledge-service/internal/store/store.go:234.2,237.12 3 8
github.com/blacklotus88888/knowledge-service/internal/store/store.go:237.12,239.3 1 0
github.com/blacklotus88888/knowledge-service/internal/store/store.go:241.2,244.23 3 8
github.com/blacklotus88888/knowledge-service/internal/store/store.go:244.23,247.25 2 8
github.com/blacklotus88888/knowledge-service/internal/store/store.go:247.25,249.66 2 14
github.com/blacklotus88888/knowledge-service/internal/store/store.go:249.66,250.17 1 87
github.com/blacklotus88888/knowledge-service/internal/store/store.go:250.17,253.6 2 73
github.com/blacklotus88888/knowledge-service/internal/store/store.go:256.3,257.27 2 8
github.com/blacklotus88888/knowledge-service/internal/store/store.go:257.27,259.4 1 69
github.com/blacklotus88888/knowledge-service/internal/store/store.go:262.3,263.17 2 8
github.com/blacklotus88888/knowledge-service/internal/store/store.go:263.17,265.4 1 0
github.com/blacklotus88888/knowledge-service/internal/store/store.go:266.3,266.57 1 8
github.com/blacklotus88888/knowledge-service/internal/store/store.go:266.57,269.4 2 0
github.com/blacklotus88888/knowledge-service/internal/store/store.go:270.3,271.17 2 8
github.com/blacklotus88888/knowledge-service/internal/store/store.go:271.17,274.4 2 0
github.com/blacklotus88888/knowledge-service/internal/store/store.go:275.3,276.27 2 8
github.com/blacklotus88888/knowledge-service/internal/store/store.go:276.27,277.59 1 69
github.com/blacklotus88888/knowledge-service/internal/store/store.go:277.59,279.10 2 0
github.com/blacklotus88888/knowledge-service/internal/store/store.go:282.3,283.21 2 8
github.com/blacklotus88888/knowledge-service/internal/store/store.go:283.21,286.4 2 0
github.com/blacklotus88888/knowledge-service/internal/store/store.go:287.3,287.37 1 8
github.com/blacklotus88888/knowledge-service/internal/store/store.go:287.37,289.4 1 0
github.com/blacklotus88888/knowledge-service/internal/store/store.go:295.2,296.16 2 8
github.com/blacklotus88888/knowledge-service/internal/store/store.go:296.16,298.3 1 0
github.com/blacklotus88888/knowledge-service/internal/store/store.go:299.2,300.24 2 8
github.com/blacklotus88888/knowledge-service/internal/store/store.go:300.24,301.39 1 14
github.com/blacklotus88888/knowledge-service/internal/store/store.go:301.39,302.12 1 0
github.com/blacklotus88888/knowledge-service/internal/store/store.go:304.3,305.15 2 14
github.com/blacklotus88888/knowledge-service/internal/store/store.go:305.15,306.12 1 0
github.com/blacklotus88888/knowledge-service/internal/store/store.go:308.3,308.37 1 14
github.com/blacklotus88888/knowledge-service/internal/store/store.go:311.2,314.15 4 8
github.com/blacklotus88888/knowledge-service/internal/store/store.go:319.34,322.19 3 5
github.com/blacklotus88888/knowledge-service/internal/store/store.go:322.19,324.3 1 0
github.com/blacklotus88888/knowledge-service/internal/store/store.go:326.2,332.16 2 5
github.com/blacklotus88888/knowledge-service/internal/store/store.go:332.16,334.3 1 0
github.com/blacklotus88888/knowledge-service/internal/store/store.go:335.2,338.18 3 5
github.com/blacklotus88888/knowledge-service/internal/store/store.go:338.18,341.89 3 4
github.com/blacklotus88888/knowledge-service/internal/store/store.go:341.89,342.12 1 0
github.com/blacklotus88888/knowledge-service/internal/store/store.go:344.3,345.15 2 4
github.com/blacklotus88888/knowledge-service/internal/store/store.go:345.15,346.12 1 0
github.com/blacklotus88888/knowledge-service/internal/store/store.go:348.3,349.26 2 4
github.com/blacklotus88888/knowledge-service/internal/store/store.go:351.2,351.35 1 5
github.com/blacklotus88888/knowledge-service/internal/store/store.go:351.35,353.3 1 0
github.com/blacklotus88888/knowledge-service/internal/store/store.go:355.2,356.12 2 5
github.com/blacklotus88888/knowledge-service/internal/store/store.go:359.34,363.2 3 1
github.com/blacklotus88888/knowledge-service/internal/store/store.go:366.68,374.16 2 4
github.com/blacklotus88888/knowledge-service/internal/store/store.go:374.16,376.3 1 0
github.com/blacklotus88888/knowledge-service/internal/store/store.go:377.2,381.18 4 4
github.com/blacklotus88888/knowledge-service/internal/store/store.go:381.18,383.60 2 4
github.com/blacklotus88888/knowledge-service/internal/store/store.go:383.60,384.12 1 0
github.com/blacklotus88888/knowledge-service/internal/store/store.go:386.3,386.29 1 4
github.com/blacklotus88888/knowledge-service/internal/store/store.go:386.29,388.4 1 2
github.com/blacklotus88888/knowledge-service/internal/store/store.go:388.9,391.4 2 2
github.com/blacklotus88888/knowledge-service/internal/store/store.go:393.2,393.25 1 4
github.com/blacklotus88888/knowledge-service/internal/store/store.go:397.58,399.16 2 2
github.com/blacklotus88888/knowledge-service/internal/store/store.go:399.16,401.3 1 0
github.com/blacklotus88888/knowledge-service/internal/store/store.go:402.2,405.96 3 2
github.com/blacklotus88888/knowledge-service/internal/store/store.go:405.96,407.3 1 1
github.com/blacklotus88888/knowledge-service/internal/store/store.go:409.2,410.16 2 1
github.com/blacklotus88888/knowledge-service/internal/store/store.go:410.16,412.3 1 0
github.com/blacklotus88888/knowledge-service/internal/store/store.go:413.2,414.18 2 1
github.com/blacklotus88888/knowledge-service/internal/store/store.go:414.18,416.40 2 2
github.com/blacklotus88888/knowledge-service/internal/store/store.go:416.40,418.4 1 2
github.com/blacklotus88888/knowledge-service/internal/store/store.go:420.2,422.31 2 1
github.com/blacklotus88888/knowledge-service/internal/store/store.go:422.31,423.81 1 2
github.com/blacklotus88888/knowledge-service/internal/store/store.go:423.81,425.4 1 0
github.com/blacklotus88888/knowledge-service/internal/store/store.go:428.2,429.16 2 1
github.com/blacklotus88888/knowledge-service/internal/store/store.go:429.16,431.3 1 0
github.com/blacklotus88888/knowledge-service/internal/store/store.go:432.2,434.36 2 1
github.com/blacklotus88888/knowledge-service/internal/store/store.go:434.36,436.3 1 0
github.com/blacklotus88888/knowledge-service/internal/store/store.go:437.2,439.36 3 1
github.com/blacklotus88888/knowledge-service/internal/store/store.go:446.65,448.16 2 3
github.com/blacklotus88888/knowledge-service/internal/store/store.go:448.16,450.3 1 0
github.com/blacklotus88888/knowledge-service/internal/store/store.go:451.2,456.16 2 3
github.com/blacklotus88888/knowledge-service/internal/store/store.go:456.16,458.3 1 0
github.com/blacklotus88888/knowledge-service/internal/store/store.go:460.2,461.96 2 3
github.com/blacklotus88888/knowledge-service/internal/store/store.go:461.96,463.3 1 0
github.com/blacklotus88888/knowledge-service/internal/store/store.go:465.2,468.19 2 3
github.com/blacklotus88888/knowledge-service/internal/store/store.go:468.19,471.17 3 3
github.com/blacklotus88888/knowledge-service/internal/store/store.go:471.17,473.113 1 0
github.com/blacklotus88888/knowledge-service/internal/store/store.go:473.113,475.5 1 0
github.com/blacklotus88888/knowledge-service/internal/store/store.go:476.4,476.89 1 0
github.com/blacklotus88888/knowledge-service/internal/store/store.go:476.89,478.5 1 0
github.com/blacklotus88888/knowledge-service/internal/store/store.go:479.4,479.132 1 0
github.com/blacklotus88888/knowledge-service/internal/store/store.go:479.132,481.5 1 0
github.com/blacklotus88888/knowledge-service/internal/store/store.go:482.4,482.38 1 0
github.com/blacklotus88888/knowledge-service/internal/store/store.go:482.38,484.5 1 0
github.com/blacklotus88888/knowledge-service/internal/store/store.go:485.4,485.20 1 0
github.com/blacklotus88888/knowledge-service/internal/store/store.go:489.2,489.16 1 3
github.com/blacklotus88888/knowledge-service/internal/store/store.go:489.16,493.19 4 3
github.com/blacklotus88888/knowledge-service/internal/store/store.go:493.19,495.4 1 0
github.com/blacklotus88888/knowledge-service/internal/store/store.go:496.3,500.17 2 3
github.com/blacklotus88888/knowledge-service/internal/store/store.go:500.17,502.4 1 0
github.com/blacklotus88888/knowledge-service/internal/store/store.go:503.3,504.128 2 3
github.com/blacklotus88888/knowledge-service/internal/store/store.go:504.128,506.4 1 0
github.com/blacklotus88888/knowledge-service/internal/store/store.go:507.3,507.37 1 3
github.com/blacklotus88888/knowledge-service/internal/store/store.go:507.37,509.4 1 0
github.com/blacklotus88888/knowledge-service/internal/store/store.go:514.2,516.12 3 3
github.com/blacklotus88888/knowledge-service/internal/store/store.go:519.39,520.14 1 5
github.com/blacklotus88888/knowledge-service/internal/store/store.go:520.14,522.3 1 0
github.com/blacklotus88888/knowledge-service/internal/store/store.go:523.2,523.15 1 5
github.com/blacklotus88888/knowledge-service/mcp/server.go:28.78,30.2 1 21
github.com/blacklotus88888/knowledge-service/mcp/server.go:34.56,39.21 4 24
github.com/blacklotus88888/knowledge-service/mcp/server.go:39.21,41.21 2 25
github.com/blacklotus88888/knowledge-service/mcp/server.go:41.21,42.12 1 0
github.com/blacklotus88888/knowledge-service/mcp/server.go:44.3,45.52 2 25
github.com/blacklotus88888/knowledge-service/mcp/server.go:45.52,47.12 2 0
github.com/blacklotus88888/knowledge-service/mcp/server.go:49.3,49.24 1 25
github.com/blacklotus88888/knowledge-service/mcp/server.go:51.2,51.22 1 24
github.com/blacklotus88888/knowledge-service/mcp/server.go:56.60,59.51 3 0
github.com/blacklotus88888/knowledge-service/mcp/server.go:59.51,62.3 2 0
github.com/blacklotus88888/knowledge-service/mcp/server.go:63.2,63.23 1 0
github.com/blacklotus88888/knowledge-service/mcp/server.go:69.37,71.32 2 0
github.com/blacklotus88888/knowledge-service/mcp/server.go:71.32,80.3 1 0
github.com/blacklotus88888/knowledge-service/mcp/server.go:81.2,81.12 1 0
github.com/blacklotus88888/knowledge-service/mcp/server.go:105.77,107.2 1 20
github.com/blacklotus88888/knowledge-service/mcp/server.go:109.90,111.2 1 4
github.com/blacklotus88888/knowledge-service/mcp/server.go:115.63,118.20 2 25
github.com/blacklotus88888/knowledge-service/mcp/server.go:119.20,129.5 4 2
github.com/blacklotus88888/knowledge-service/mcp/server.go:131.50,131.50 0 1
github.com/blacklotus88888/knowledge-service/mcp/server.go:134.20,135.63 1 2
github.com/blacklotus88888/knowledge-service/mcp/server.go:137.20,138.31 1 16
github.com/blacklotus88888/knowledge-service/mcp/server.go:140.24,141.63 1 1
github.com/blacklotus88888/knowledge-service/mcp/server.go:143.22,144.61 1 1
github.com/blacklotus88888/knowledge-service/mcp/server.go:146.14,147.43 1 1
github.com/blacklotus88888/knowledge-service/mcp/server.go:149.10,150.20 1 1
github.com/blacklotus88888/knowledge-service/mcp/server.go:150.20,152.4 1 1
github.com/blacklotus88888/knowledge-service/mcp/server.go:158.35,248.2 1 2
github.com/blacklotus88888/knowledge-service/mcp/server.go:255.71,257.55 2 16
github.com/blacklotus88888/knowledge-service/mcp/server.go:257.55,260.3 2 0
github.com/blacklotus88888/knowledge-service/mcp/server.go:262.2,262.16 1 16
github.com/blacklotus88888/knowledge-service/mcp/server.go:263.26,264.43 1 4
github.com/blacklotus88888/knowledge-service/mcp/server.go:265.24,266.41 1 4
github.com/blacklotus88888/knowledge-service/mcp/server.go:267.25,268.42 1 4
github.com/blacklotus88888/knowledge-service/mcp/server.go:269.26,270.43 1 2
github.com/blacklotus88888/knowledge-service/mcp/server.go:271.18,272.44 1 2
github.com/blacklotus88888/knowledge-service/mcp/server.go:273.10,274.77 1 0
github.com/blacklotus88888/knowledge-service/mcp/server.go:283.91,285.71 2 4
github.com/blacklotus88888/knowledge-service/mcp/server.go:285.71,288.3 2 1
github.com/blacklotus88888/knowledge-service/mcp/server.go:289.2,289.21 1 3
github.com/blacklotus88888/knowledge-service/mcp/server.go:289.21,291.3 1 2
github.com/blacklotus88888/knowledge-service/mcp/server.go:292.2,292.21 1 3
github.com/blacklotus88888/knowledge-service/mcp/server.go:292.21,294.3 1 0
github.com/blacklotus88888/knowledge-service/mcp/server.go:296.2,297.16 2 3
github.com/blacklotus88888/knowledge-service/mcp/server.go:297.16,301.3 3 0
github.com/blacklotus88888/knowledge-service/mcp/server.go:303.2,306.4 2 3
github.com/blacklotus88888/knowledge-service/mcp/server.go:315.90,317.114 2 4
github.com/blacklotus88888/knowledge-service/mcp/server.go:317.114,320.3 2 1
github.com/blacklotus88888/knowledge-service/mcp/server.go:322.2,322.24 1 3
github.com/blacklotus88888/knowledge-service/mcp/server.go:322.24,326.42 2 2
github.com/blacklotus88888/knowledge-service/mcp/server.go:326.42,328.4 1 0
github.com/blacklotus88888/knowledge-service/mcp/server.go:329.3,329.85 1 2
github.com/blacklotus88888/knowledge-service/mcp/server.go:329.85,333.4 3 0
github.com/blacklotus88888/knowledge-service/mcp/server.go:334.3,334.63 1 2
github.com/blacklotus88888/knowledge-service/mcp/server.go:334.63,338.4 3 0
github.com/blacklotus88888/knowledge-service/mcp/server.go:339.8,340.85 1 1
github.com/blacklotus88888/knowledge-service/mcp/server.go:340.85,344.4 3 0
github.com/blacklotus88888/knowledge-service/mcp/server.go:347.2,352.4 1 3
github.com/blacklotus88888/knowledge-service/mcp/server.go:357.69,358.67 1 2
github.com/blacklotus88888/knowledge-service/mcp/server.go:358.67,360.3 1 0
github.com/blacklotus88888/knowledge-service/mcp/server.go:361.2,362.16 2 2
github.com/blacklotus88888/knowledge-service/mcp/server.go:362.16,368.3 4 1
github.com/blacklotus88888/knowledge-service/mcp/server.go:369.2,369.97 1 1
github.com/blacklotus88888/knowledge-service/mcp/server.go:374.56,378.29 4 3
github.com/blacklotus88888/knowledge-service/mcp/server.go:378.29,379.45 1 16
github.com/blacklotus88888/knowledge-service/mcp/server.go:379.45,381.9 2 2
github.com/blacklotus88888/knowledge-service/mcp/server.go:384.2,384.17 1 3
github.com/blacklotus88888/knowledge-service/mcp/server.go:384.17,386.3 1 1
github.com/blacklotus88888/knowledge-service/mcp/server.go:388.2,389.42 2 2
github.com/blacklotus88888/knowledge-service/mcp/server.go:389.42,390.78 1 7
github.com/blacklotus88888/knowledge-service/mcp/server.go:390.78,392.9 2 1
github.com/blacklotus88888/knowledge-service/mcp/server.go:395.2,401.32 7 2
github.com/blacklotus88888/knowledge-service/mcp/server.go:408.89,413.16 4 4
github.com/blacklotus88888/knowledge-service/mcp/server.go:413.16,417.3 3 0
github.com/blacklotus88888/knowledge-service/mcp/server.go:419.2,420.20 2 4
github.com/blacklotus88888/knowledge-service/mcp/server.go:420.20,421.24 1 2
github.com/blacklotus88888/knowledge-service/mcp/server.go:421.24,423.4 1 0
github.com/blacklotus88888/knowledge-service/mcp/server.go:423.9,425.4 1 2
github.com/blacklotus88888/knowledge-service/mcp/server.go:426.8,428.26 2 2
github.com/blacklotus88888/knowledge-service/mcp/server.go:428.26,430.4 1 2
github.com/blacklotus88888/knowledge-service/mcp/server.go:431.3,432.26 2 2
github.com/blacklotus88888/knowledge-service/mcp/server.go:432.26,434.33 2 2
github.com/blacklotus88888/knowledge-service/mcp/server.go:434.33,435.16 1 4
github.com/blacklotus88888/knowledge-service/mcp/server.go:435.16,437.6 1 4
github.com/blacklotus88888/knowledge-service/mcp/server.go:442.2,444.4 1 4
github.com/blacklotus88888/knowledge-service/mcp/server.go:451.91,453.70 2 2
github.com/blacklotus88888/knowledge-service/mcp/server.go:453.70,456.3 2 0
github.com/blacklotus88888/knowledge-service/mcp/server.go:458.2,459.16 2 2
github.com/blacklotus88888/knowledge-service/mcp/server.go:459.16,463.3 3 1
github.com/blacklotus88888/knowledge-service/mcp/server.go:465.2,470.4 1 1
github.com/blacklotus88888/knowledge-service/mcp/server.go:477.92,479.70 2 2
github.com/blacklotus88888/knowledge-service/mcp/server.go:479.70,482.3 2 0
github.com/blacklotus88888/knowledge-service/mcp/server.go:485.2,486.16 2 2
github.com/blacklotus88888/knowledge-service/mcp/server.go:486.16,489.3 2 0
github.com/blacklotus88888/knowledge-service/mcp/server.go:492.2,493.31 2 2
github.com/blacklotus88888/knowledge-service/mcp/server.go:493.31,494.42 1 2
github.com/blacklotus88888/knowledge-service/mcp/server.go:494.42,496.4 1 1
github.com/blacklotus88888/knowledge-service/mcp/server.go:499.2,499.23 1 2
github.com/blacklotus88888/knowledge-service/mcp/server.go:499.23,507.3 2 1
github.com/blacklotus88888/knowledge-service/mcp/server.go:509.2,513.26 5 1
github.com/blacklotus88888/knowledge-service/mcp/server.go:513.26,515.3 1 1
github.com/blacklotus88888/knowledge-service/mcp/server.go:515.8,517.3 1 0
github.com/blacklotus88888/knowledge-service/mcp/server.go:519.2,521.4 1 1
github.com/blacklotus88888/knowledge-service/mcp/server.go:526.40,530.29 4 1
github.com/blacklotus88888/knowledge-service/mcp/server.go:530.29,531.37 1 3
github.com/blacklotus88888/knowledge-service/mcp/server.go:531.37,532.16 1 2
github.com/blacklotus88888/knowledge-service/mcp/server.go:532.16,534.13 2 1
github.com/blacklotus88888/knowledge-service/mcp/server.go:536.4,536.9 1 1
github.com/blacklotus88888/knowledge-service/mcp/server.go:538.3,538.14 1 1
github.com/blacklotus88888/knowledge-service/mcp/server.go:538.14,540.4 1 1
github.com/blacklotus88888/knowledge-service/mcp/server.go:542.2,542.18 1 1
github.com/blacklotus88888/knowledge-service/mcp/server.go:542.18,544.3 1 1
github.com/blacklotus88888/knowledge-service/mcp/server.go:545.2,545.10 1 0
github.com/blacklotus88888/knowledge-service/mcp/server.go:550.52,551.38 1 6
github.com/blacklotus88888/knowledge-service/mcp/server.go:551.38,552.25 1 10
github.com/blacklotus88888/knowledge-service/mcp/server.go:552.25,554.4 1 3
github.com/blacklotus88888/knowledge-service/mcp/server.go:556.2,556.52 1 3
github.com/blacklotus88888/knowledge-service/mcp/server.go:561.65,562.23 1 3
github.com/blacklotus88888/knowledge-service/mcp/server.go:562.23,567.3 1 2
github.com/blacklotus88888/knowledge-service/mcp/server.go:568.2,570.28 3 1
github.com/blacklotus88888/knowledge-service/mcp/server.go:570.28,572.22 2 1
github.com/blacklotus88888/knowledge-service/mcp/server.go:572.22,574.4 1 1
github.com/blacklotus88888/knowledge-service/mcp/server.go:575.3,577.37 3 1
github.com/blacklotus88888/knowledge-service/mcp/server.go:577.37,579.70 2 0
github.com/blacklotus88888/knowledge-service/mcp/server.go:579.70,581.5 1 0
github.com/blacklotus88888/knowledge-service/mcp/server.go:582.4,582.96 1 0
github.com/blacklotus88888/knowledge-service/mcp/server.go:584.3,584.38 1 1
github.com/blacklotus88888/knowledge-service/mcp/server.go:586.2,586.20 1 1
